<?xml version="1.0" encoding="UTF-8"?>
<testsuite xmlns:xsi="http://www.w3.org/2001/XMLSchema-instance" xsi:noNamespaceSchemaLocation="https://maven.apache.org/surefire/maven-surefire-plugin/xsd/surefire-test-report.xsd" name="TestSuite" time="159.692" tests="6" errors="0" skipped="0" failures="2">
  <properties>
[...]
</properties>
  <testcase name="verifyThatPracticeLinkIsDisplayed" classname="com.learn.letskodeit.testsuite.HomePageTest" time="0.261"/>
  <testcase name="verifyThatLoginLinkIsDisplayed" classname="com.learn.letskodeit.testsuite.HomePageTest" time="0.169"/>
  <testcase name="verifyThatSignUpLinkIsDisplayed" classname="com.learn.letskodeit.testsuite.HomePageTest" time="0.116"/>
  <testcase name="verifyThatLoginPageWelcomeTextisDisplayed" classname="com.learn.letskodeit.testsuite.LoginTest" time="0.386">
    <failure message="com.sun.proxy.$Proxy7 cannot be cast to org.openqa.selenium.By" type="java.lang.ClassCastException">java.lang.ClassCastException: com.sun.proxy.$Proxy7 cannot be cast to org.openqa.selenium.By
	at com.learn.letskodeit.testsuite.LoginTest.verifyThatLoginPageWelcomeTextisDisplayed(LoginTest.java:28)
</failure>
    <system-out><![CDATA[2020-04-19 13:04:915 INFO  BrowserSelector :21 - Launching Chrome Browser
2020-04-19 13:04:261 INFO  HomePage :64 - Clicking on Login link : [[ChromeDriver: chrome on WINDOWS (1a7b46b9dbd0770ad78b03e8bf26849c)] -> partial link text: Login]
]]></system-out>
    <system-err><![CDATA[Starting ChromeDriver 80.0.3987.106 (f68069574609230cf9b635cd784cfb1bf81bb53a-refs/branch-heads/3987@{#882}) on port 43682
Only local connections are allowed.
Please protect ports used by ChromeDriver and related test frameworks to prevent access by malicious code.
[1587300928.170][WARNING]: Timed out connecting to Chrome, retrying...
Apr 19, 2020 1:55:28 PM org.openqa.selenium.remote.ProtocolHandshake createSession
INFO: Detected dialect: W3C
[1587300930.229][WARNING]: Timed out connecting to Chrome, retrying...
[1587300933.432][SEVERE]: Timed out receiving message from renderer: 0.100
[1587300933.567][SEVERE]: Timed out receiving message from renderer: 0.100
[1587300933.730][SEVERE]: Timed out receiving message from renderer: 0.100
[1587300935.517][SEVERE]: Timed out receiving message from renderer: 0.100
[1587300935.635][SEVERE]: Timed out receiving message from renderer: 0.100
[1587300935.739][SEVERE]: Timed out receiving message from renderer: 0.100
[1587300935.841][SEVERE]: Timed out receiving message from renderer: 0.100
]]></system-err>
  </testcase>
  <testcase name="verifyThatUserIsAbleToLogInSuccessfully" classname="com.learn.letskodeit.testsuite.LoginTest" time="42.136">
    <failure message="no such element: Unable to locate element: {&quot;method&quot;:&quot;xpath&quot;,&quot;selector&quot;:&quot;//a[contains(text(),&apos;My Courses&apos;)]&quot;}&#10;  (Session info: chrome=80.0.3987.163)&#10;For documentation on this error, please visit: https://www.seleniumhq.org/exceptions/no_such_element.html&#10;Build info: version: &apos;3.141.59&apos;, revision: &apos;e82be7d358&apos;, time: &apos;2018-11-14T08:17:03&apos;&#10;System info: host: &apos;LAPTOP-7HUNRUID&apos;, ip: &apos;192.168.0.8&apos;, os.name: &apos;Windows 10&apos;, os.arch: &apos;amd64&apos;, os.version: &apos;10.0&apos;, java.version: &apos;1.8.0_121&apos;&#10;Driver info: org.openqa.selenium.chrome.ChromeDriver&#10;Capabilities {acceptInsecureCerts: false, browserName: chrome, browserVersion: 80.0.3987.163, chrome: {chromedriverVersion: 80.0.3987.106 (f68069574609..., userDataDir: C:\Users\srini\AppData\Loca...}, goog:chromeOptions: {debuggerAddress: localhost:61456}, javascriptEnabled: true, networkConnectionEnabled: false, pageLoadStrategy: normal, platform: WINDOWS, platformName: WINDOWS, proxy: Proxy(), setWindowRect: true, strictFileInteractability: false, timeouts: {implicit: 0, pageLoad: 300000, script: 30000}, unhandledPromptBehavior: dismiss and notify}&#10;Session ID: 8a3a8ebe335ed7d690d77cf90218cb0d&#10;*** Element info: {Using=xpath, value=//a[contains(text(),&apos;My Courses&apos;)]}" type="org.openqa.selenium.NoSuchElementException">org.openqa.selenium.NoSuchElementException: 
no such element: Unable to locate element: {"method":"xpath","selector":"//a[contains(text(),'My Courses')]"}
  (Session info: chrome=80.0.3987.163)
For documentation on this error, please visit: https://www.seleniumhq.org/exceptions/no_such_element.html
Build info: version: '3.141.59', revision: 'e82be7d358', time: '2018-11-14T08:17:03'
System info: host: 'LAPTOP-7HUNRUID', ip: '192.168.0.8', os.name: 'Windows 10', os.arch: 'amd64', os.version: '10.0', java.version: '1.8.0_121'
Driver info: org.openqa.selenium.chrome.ChromeDriver
Capabilities {acceptInsecureCerts: false, browserName: chrome, browserVersion: 80.0.3987.163, chrome: {chromedriverVersion: 80.0.3987.106 (f68069574609..., userDataDir: C:\Users\srini\AppData\Loca...}, goog:chromeOptions: {debuggerAddress: localhost:61456}, javascriptEnabled: true, networkConnectionEnabled: false, pageLoadStrategy: normal, platform: WINDOWS, platformName: WINDOWS, proxy: Proxy(), setWindowRect: true, strictFileInteractability: false, timeouts: {implicit: 0, pageLoad: 300000, script: 30000}, unhandledPromptBehavior: dismiss and notify}
Session ID: 8a3a8ebe335ed7d690d77cf90218cb0d
*** Element info: {Using=xpath, value=//a[contains(text(),'My Courses')]}
	at com.learn.letskodeit.testsuite.LoginTest.verifyThatUserIsAbleToLogInSuccessfully(LoginTest.java:38)
</failure>
    <system-out><![CDATA[2020-04-19 13:04:724 INFO  BrowserSelector :21 - Launching Chrome Browser
2020-04-19 13:04:54 INFO  HomePage :64 - Clicking on Login link : [[ChromeDriver: chrome on WINDOWS (8a3a8ebe335ed7d690d77cf90218cb0d)] -> partial link text: Login]
2020-04-19 13:04:403 INFO  LoginPage :50 - Entering Email : [[ChromeDriver: chrome on WINDOWS (8a3a8ebe335ed7d690d77cf90218cb0d)] -> id: user_email]
2020-04-19 13:04:847 INFO  LoginPage :56 - Entering Password : [[ChromeDriver: chrome on WINDOWS (8a3a8ebe335ed7d690d77cf90218cb0d)] -> id: user_password]
2020-04-19 13:04:739 INFO  LoginPage :63 - Clicking on Login Button: [[ChromeDriver: chrome on WINDOWS (8a3a8ebe335ed7d690d77cf90218cb0d)] -> name: commit]
2020-04-19 13:04:868 INFO  MyCoursesPage :33 - My Course Text is displayed : Proxy element for: DefaultElementLocator 'By.xpath: //a[contains(text(),'My Courses')]'
]]></system-out>
    <system-err><![CDATA[Starting ChromeDriver 80.0.3987.106 (f68069574609230cf9b635cd784cfb1bf81bb53a-refs/branch-heads/3987@{#882}) on port 21690
Only local connections are allowed.
Please protect ports used by ChromeDriver and related test frameworks to prevent access by malicious code.
[1587300941.983][WARNING]: Timed out connecting to Chrome, retrying...
Apr 19, 2020 1:55:44 PM org.openqa.selenium.remote.ProtocolHandshake createSession
INFO: Detected dialect: W3C
[1587300946.028][WARNING]: Timed out connecting to Chrome, retrying...
[1587300949.489][SEVERE]: Timed out receiving message from renderer: 0.100
[1587300949.645][SEVERE]: Timed out receiving message from renderer: 0.100
[1587300949.758][SEVERE]: Timed out receiving message from renderer: 0.100
[1587300949.882][SEVERE]: Timed out receiving message from renderer: 0.100
[1587300952.158][SEVERE]: Timed out receiving message from renderer: 0.100
[1587300952.372][SEVERE]: Timed out receiving message from renderer: 0.100
[1587300952.488][SEVERE]: Timed out receiving message from renderer: 0.100
[1587300962.301][SEVERE]: Timed out receiving message from renderer: 0.100
[1587300964.246][SEVERE]: Timed out receiving message from renderer: 0.100
[1587300964.388][SEVERE]: Timed out receiving message from renderer: 0.100
[1587300964.631][SEVERE]: Timed out receiving message from renderer: 0.100
]]></system-err>
  </testcase>
  <testcase name="verifyThatUserShouldNotToLogWithInvalidCredentials" classname="com.learn.letskodeit.testsuite.LoginTest" time="15.608"/>
</testsuite>