<?xml version="1.0" encoding="UTF-8"?>
<testsuite name="Lets Kode It"
           tests="3"
           failures="3"
           errors="0"
           skipped="0"
           time="106.182">
  <properties />
            <testcase name="verifyThatUserIsAbleToLogInSuccessfully" time="41.424" classname="com.learn.letskodeit.testsuite.LoginTest">
                <failure type="org.openqa.selenium.NoSuchElementException"
                  message="no such element: Unable to locate element: {&quot;method&quot;:&quot;xpath&quot;,&quot;selector&quot;:&quot;//a[contains(text(),&apos;My Courses&apos;)]&quot;}
  (Session info: chrome=80.0.3987.163)
For documentation on this error, please visit: https://www.seleniumhq.org/exceptions/no_such_element.html
Build info: version: &apos;3.141.59&apos;, revision: &apos;e82be7d358&apos;, time: &apos;2018-11-14T08:17:03&apos;
System info: host: &apos;LAPTOP-7HUNRUID&apos;, ip: &apos;192.168.0.8&apos;, os.name: &apos;Windows 10&apos;, os.arch: &apos;amd64&apos;, os.version: &apos;10.0&apos;, java.version: &apos;1.8.0_121&apos;
Driver info: org.openqa.selenium.chrome.ChromeDriver
Capabilities {acceptInsecureCerts: false, browserName: chrome, browserVersion: 80.0.3987.163, chrome: {chromedriverVersion: 80.0.3987.106 (f68069574609..., userDataDir: C:\Users\srini\AppData\Loca...}, goog:chromeOptions: {debuggerAddress: localhost:62420}, javascriptEnabled: true, networkConnectionEnabled: false, pageLoadStrategy: normal, platform: WINDOWS, platformName: WINDOWS, proxy: Proxy(), setWindowRect: true, strictFileInteractability: false, timeouts: {implicit: 0, pageLoad: 300000, script: 30000}, unhandledPromptBehavior: dismiss and notify}
Session ID: 279e3efd4848a8ab5f25084b158ef06d
*** Element info: {Using=xpath, value=//a[contains(text(),&apos;My Courses&apos;)]}"
              >
<![CDATA[org.openqa.selenium.NoSuchElementException: no such element: Unable to locate element: {"method":"xpath","selector":"//a[contains(text(),'My Courses')]"}
  (Session info: chrome=80.0.3987.163)
For documentation on this error, please visit: https://www.seleniumhq.org/exceptions/no_such_element.html
Build info: version: '3.141.59', revision: 'e82be7d358', time: '2018-11-14T08:17:03'
System info: host: 'LAPTOP-7HUNRUID', ip: '192.168.0.8', os.name: 'Windows 10', os.arch: 'amd64', os.version: '10.0', java.version: '1.8.0_121'
Driver info: org.openqa.selenium.chrome.ChromeDriver
Capabilities {acceptInsecureCerts: false, browserName: chrome, browserVersion: 80.0.3987.163, chrome: {chromedriverVersion: 80.0.3987.106 (f68069574609..., userDataDir: C:\Users\srini\AppData\Loca...}, goog:chromeOptions: {debuggerAddress: localhost:62420}, javascriptEnabled: true, networkConnectionEnabled: false, pageLoadStrategy: normal, platform: WINDOWS, platformName: WINDOWS, proxy: Proxy(), setWindowRect: true, strictFileInteractability: false, timeouts: {implicit: 0, pageLoad: 300000, script: 30000}, unhandledPromptBehavior: dismiss and notify}
Session ID: 279e3efd4848a8ab5f25084b158ef06d
*** Element info: {Using=xpath, value=//a[contains(text(),'My Courses')]}
  sun.reflect.NativeConstructorAccessorImpl.newInstance0(Native Method)
  sun.reflect.NativeConstructorAccessorImpl.newInstance(NativeConstructorAccessorImpl.java:62)
  sun.reflect.DelegatingConstructorAccessorImpl.newInstance(DelegatingConstructorAccessorImpl.java:45)
  java.lang.reflect.Constructor.newInstance(Constructor.java:423)
  org.openqa.selenium.remote.http.W3CHttpResponseCodec.createException(W3CHttpResponseCodec.java:187)
  org.openqa.selenium.remote.http.W3CHttpResponseCodec.decode(W3CHttpResponseCodec.java:122)
  org.openqa.selenium.remote.http.W3CHttpResponseCodec.decode(W3CHttpResponseCodec.java:49)
  org.openqa.selenium.remote.HttpCommandExecutor.execute(HttpCommandExecutor.java:158)
  org.openqa.selenium.remote.service.DriverCommandExecutor.execute(DriverCommandExecutor.java:83)
  org.openqa.selenium.remote.RemoteWebDriver.execute(RemoteWebDriver.java:552)
  org.openqa.selenium.remote.RemoteWebDriver.findElement(RemoteWebDriver.java:323)
  org.openqa.selenium.remote.RemoteWebDriver.findElementByXPath(RemoteWebDriver.java:428)
  org.openqa.selenium.By$ByXPath.findElement(By.java:353)
  org.openqa.selenium.remote.RemoteWebDriver.findElement(RemoteWebDriver.java:315)
  org.openqa.selenium.support.pagefactory.DefaultElementLocator.findElement(DefaultElementLocator.java:69)
  org.openqa.selenium.support.pagefactory.internal.LocatingElementHandler.invoke(LocatingElementHandler.java:38)
  com.sun.proxy.$Proxy8.getText(Unknown Source)
  com.learn.letskodeit.utility.Utility.getTextFromElement(Utility.java:65)
  com.learn.letskodeit.pages.MyCoursesPage.getMyCourseText(MyCoursesPage.java:34)
  com.learn.letskodeit.testsuite.LoginTest.verifyThatUserIsAbleToLogInSuccessfully(LoginTest.java:44)
  sun.reflect.NativeMethodAccessorImpl.invoke0(Native Method)
  sun.reflect.NativeMethodAccessorImpl.invoke(NativeMethodAccessorImpl.java:62)
  sun.reflect.DelegatingMethodAccessorImpl.invoke(DelegatingMethodAccessorImpl.java:43)
  java.lang.reflect.Method.invoke(Method.java:498)
  org.testng.internal.MethodInvocationHelper.invokeMethod(MethodInvocationHelper.java:134)
  org.testng.internal.TestInvoker.invokeMethod(TestInvoker.java:597)
  org.testng.internal.TestInvoker.invokeTestMethod(TestInvoker.java:173)
  org.testng.internal.MethodRunner.runInSequence(MethodRunner.java:46)
  org.testng.internal.TestInvoker$MethodInvocationAgent.invoke(TestInvoker.java:816)
  org.testng.internal.TestInvoker.invokeTestMethods(TestInvoker.java:146)
  org.testng.internal.TestMethodWorker.invokeTestMethods(TestMethodWorker.java:146)
  org.testng.internal.TestMethodWorker.run(TestMethodWorker.java:128)
  java.util.ArrayList.forEach(ArrayList.java:1249)
  org.testng.TestRunner.privateRun(TestRunner.java:766)
  org.testng.TestRunner.run(TestRunner.java:587)
  org.testng.SuiteRunner.runTest(SuiteRunner.java:384)
  org.testng.SuiteRunner.runSequentially(SuiteRunner.java:378)
  org.testng.SuiteRunner.privateRun(SuiteRunner.java:337)
  org.testng.SuiteRunner.run(SuiteRunner.java:286)
  org.testng.SuiteRunnerWorker.runSuite(SuiteRunnerWorker.java:53)
  org.testng.SuiteRunnerWorker.run(SuiteRunnerWorker.java:96)
  org.testng.TestNG.runSuitesSequentially(TestNG.java:1187)
  org.testng.TestNG.runSuitesLocally(TestNG.java:1109)
  org.testng.TestNG.runSuites(TestNG.java:1039)
  org.testng.TestNG.run(TestNG.java:1007)
  com.intellij.rt.testng.IDEARemoteTestNG.run(IDEARemoteTestNG.java:66)
  com.intellij.rt.testng.RemoteTestNGStarter.main(RemoteTestNGStarter.java:110)
]]>
      </failure>

          </testcase>
            <testcase name="verifyThatLoginPageWelcomeTextisDisplayed" time="0.738" classname="com.learn.letskodeit.testsuite.LoginTest">
                <failure type="java.lang.ClassCastException"
                  message="com.sun.proxy.$Proxy8 cannot be cast to org.openqa.selenium.By"
              >
<![CDATA[java.lang.ClassCastException: com.sun.proxy.$Proxy8 cannot be cast to org.openqa.selenium.By
  com.learn.letskodeit.pages.LoginPage.LoginPageTextIsDisplayed(LoginPage.java:43)
  com.learn.letskodeit.testsuite.LoginTest.verifyThatLoginPageWelcomeTextisDisplayed(LoginTest.java:34)
  sun.reflect.NativeMethodAccessorImpl.invoke0(Native Method)
  sun.reflect.NativeMethodAccessorImpl.invoke(NativeMethodAccessorImpl.java:62)
  sun.reflect.DelegatingMethodAccessorImpl.invoke(DelegatingMethodAccessorImpl.java:43)
  java.lang.reflect.Method.invoke(Method.java:498)
  org.testng.internal.MethodInvocationHelper.invokeMethod(MethodInvocationHelper.java:134)
  org.testng.internal.TestInvoker.invokeMethod(TestInvoker.java:597)
  org.testng.internal.TestInvoker.invokeTestMethod(TestInvoker.java:173)
  org.testng.internal.MethodRunner.runInSequence(MethodRunner.java:46)
  org.testng.internal.TestInvoker$MethodInvocationAgent.invoke(TestInvoker.java:816)
  org.testng.internal.TestInvoker.invokeTestMethods(TestInvoker.java:146)
  org.testng.internal.TestMethodWorker.invokeTestMethods(TestMethodWorker.java:146)
  org.testng.internal.TestMethodWorker.run(TestMethodWorker.java:128)
  java.util.ArrayList.forEach(ArrayList.java:1249)
  org.testng.TestRunner.privateRun(TestRunner.java:766)
  org.testng.TestRunner.run(TestRunner.java:587)
  org.testng.SuiteRunner.runTest(SuiteRunner.java:384)
  org.testng.SuiteRunner.runSequentially(SuiteRunner.java:378)
  org.testng.SuiteRunner.privateRun(SuiteRunner.java:337)
  org.testng.SuiteRunner.run(SuiteRunner.java:286)
  org.testng.SuiteRunnerWorker.runSuite(SuiteRunnerWorker.java:53)
  org.testng.SuiteRunnerWorker.run(SuiteRunnerWorker.java:96)
  org.testng.TestNG.runSuitesSequentially(TestNG.java:1187)
  org.testng.TestNG.runSuitesLocally(TestNG.java:1109)
  org.testng.TestNG.runSuites(TestNG.java:1039)
  org.testng.TestNG.run(TestNG.java:1007)
  com.intellij.rt.testng.IDEARemoteTestNG.run(IDEARemoteTestNG.java:66)
  com.intellij.rt.testng.RemoteTestNGStarter.main(RemoteTestNGStarter.java:110)
]]>
      </failure>

          </testcase>
            <testcase name="verifyThatUserShouldNotToLogWithInvalidCredentials" time="64.020" classname="com.learn.letskodeit.testsuite.LoginTest">
                <failure type="org.openqa.selenium.NoSuchWindowException"
                  message="no such window: target window already closed
from unknown error: web view not found
  (Session info: chrome=80.0.3987.163)
Build info: version: &apos;3.141.59&apos;, revision: &apos;e82be7d358&apos;, time: &apos;2018-11-14T08:17:03&apos;
System info: host: &apos;LAPTOP-7HUNRUID&apos;, ip: &apos;192.168.0.8&apos;, os.name: &apos;Windows 10&apos;, os.arch: &apos;amd64&apos;, os.version: &apos;10.0&apos;, java.version: &apos;1.8.0_121&apos;
Driver info: org.openqa.selenium.chrome.ChromeDriver
Capabilities {acceptInsecureCerts: false, browserName: chrome, browserVersion: 80.0.3987.163, chrome: {chromedriverVersion: 80.0.3987.106 (f68069574609..., userDataDir: C:\Users\srini\AppData\Loca...}, goog:chromeOptions: {debuggerAddress: localhost:62485}, javascriptEnabled: true, networkConnectionEnabled: false, pageLoadStrategy: normal, platform: WINDOWS, platformName: WINDOWS, proxy: Proxy(), setWindowRect: true, strictFileInteractability: false, timeouts: {implicit: 0, pageLoad: 300000, script: 30000}, unhandledPromptBehavior: dismiss and notify}
Session ID: 81c79b2a0bfc41ce1ac0cf1f12a6fd0a
*** Element info: {Using=xpath, value=//div[@class=&apos;alert alert-danger&apos;]}"
              >
<![CDATA[org.openqa.selenium.NoSuchWindowException: no such window: target window already closed
from unknown error: web view not found
  (Session info: chrome=80.0.3987.163)
Build info: version: '3.141.59', revision: 'e82be7d358', time: '2018-11-14T08:17:03'
System info: host: 'LAPTOP-7HUNRUID', ip: '192.168.0.8', os.name: 'Windows 10', os.arch: 'amd64', os.version: '10.0', java.version: '1.8.0_121'
Driver info: org.openqa.selenium.chrome.ChromeDriver
Capabilities {acceptInsecureCerts: false, browserName: chrome, browserVersion: 80.0.3987.163, chrome: {chromedriverVersion: 80.0.3987.106 (f68069574609..., userDataDir: C:\Users\srini\AppData\Loca...}, goog:chromeOptions: {debuggerAddress: localhost:62485}, javascriptEnabled: true, networkConnectionEnabled: false, pageLoadStrategy: normal, platform: WINDOWS, platformName: WINDOWS, proxy: Proxy(), setWindowRect: true, strictFileInteractability: false, timeouts: {implicit: 0, pageLoad: 300000, script: 30000}, unhandledPromptBehavior: dismiss and notify}
Session ID: 81c79b2a0bfc41ce1ac0cf1f12a6fd0a
*** Element info: {Using=xpath, value=//div[@class='alert alert-danger']}
  sun.reflect.NativeConstructorAccessorImpl.newInstance0(Native Method)
  sun.reflect.NativeConstructorAccessorImpl.newInstance(NativeConstructorAccessorImpl.java:62)
  sun.reflect.DelegatingConstructorAccessorImpl.newInstance(DelegatingConstructorAccessorImpl.java:45)
  java.lang.reflect.Constructor.newInstance(Constructor.java:423)
  org.openqa.selenium.remote.http.W3CHttpResponseCodec.createException(W3CHttpResponseCodec.java:187)
  org.openqa.selenium.remote.http.W3CHttpResponseCodec.decode(W3CHttpResponseCodec.java:122)
  org.openqa.selenium.remote.http.W3CHttpResponseCodec.decode(W3CHttpResponseCodec.java:49)
  org.openqa.selenium.remote.HttpCommandExecutor.execute(HttpCommandExecutor.java:158)
  org.openqa.selenium.remote.service.DriverCommandExecutor.execute(DriverCommandExecutor.java:83)
  org.openqa.selenium.remote.RemoteWebDriver.execute(RemoteWebDriver.java:552)
  org.openqa.selenium.remote.RemoteWebDriver.findElement(RemoteWebDriver.java:323)
  org.openqa.selenium.remote.RemoteWebDriver.findElementByXPath(RemoteWebDriver.java:428)
  org.openqa.selenium.By$ByXPath.findElement(By.java:353)
  org.openqa.selenium.remote.RemoteWebDriver.findElement(RemoteWebDriver.java:315)
  org.openqa.selenium.support.pagefactory.DefaultElementLocator.findElement(DefaultElementLocator.java:69)
  org.openqa.selenium.support.pagefactory.internal.LocatingElementHandler.invoke(LocatingElementHandler.java:38)
  com.sun.proxy.$Proxy8.toString(Unknown Source)
  com.learn.letskodeit.pages.LoginPage.getLoginErrorAlert(LoginPage.java:68)
  com.learn.letskodeit.pages.LoginPage.getLoginErrorAlert(LoginPage.java:69)
  com.learn.letskodeit.pages.LoginPage.getLoginErrorAlert(LoginPage.java:69)
  com.learn.letskodeit.pages.LoginPage.getLoginErrorAlert(LoginPage.java:69)
  com.learn.letskodeit.pages.LoginPage.getLoginErrorAlert(LoginPage.java:69)
  com.learn.letskodeit.pages.LoginPage.getLoginErrorAlert(LoginPage.java:69)
  com.learn.letskodeit.pages.LoginPage.getLoginErrorAlert(LoginPage.java:69)
  com.learn.letskodeit.pages.LoginPage.getLoginErrorAlert(LoginPage.java:69)
  com.learn.letskodeit.pages.LoginPage.getLoginErrorAlert(LoginPage.java:69)
  com.learn.letskodeit.pages.LoginPage.getLoginErrorAlert(LoginPage.java:69)
  com.learn.letskodeit.pages.LoginPage.getLoginErrorAlert(LoginPage.java:69)
  com.learn.letskodeit.pages.LoginPage.getLoginErrorAlert(LoginPage.java:69)
  com.learn.letskodeit.pages.LoginPage.getLoginErrorAlert(LoginPage.java:69)
  com.learn.letskodeit.pages.LoginPage.getLoginErrorAlert(LoginPage.java:69)
  com.learn.letskodeit.pages.LoginPage.getLoginErrorAlert(LoginPage.java:69)
  com.learn.letskodeit.pages.LoginPage.getLoginErrorAlert(LoginPage.java:69)
  com.learn.letskodeit.pages.LoginPage.getLoginErrorAlert(LoginPage.java:69)
  com.learn.letskodeit.pages.LoginPage.getLoginErrorAlert(LoginPage.java:69)
  com.learn.letskodeit.pages.LoginPage.getLoginErrorAlert(LoginPage.java:69)
  com.learn.letskodeit.pages.LoginPage.getLoginErrorAlert(LoginPage.java:69)
  com.learn.letskodeit.pages.LoginPage.getLoginErrorAlert(LoginPage.java:69)
  com.learn.letskodeit.pages.LoginPage.getLoginErrorAlert(LoginPage.java:69)
  com.learn.letskodeit.pages.LoginPage.getLoginErrorAlert(LoginPage.java:69)
  com.learn.letskodeit.pages.LoginPage.getLoginErrorAlert(LoginPage.java:69)
  com.learn.letskodeit.pages.LoginPage.getLoginErrorAlert(LoginPage.java:69)
  com.learn.letskodeit.pages.LoginPage.getLoginErrorAlert(LoginPage.java:69)
  com.learn.letskodeit.pages.LoginPage.getLoginErrorAlert(LoginPage.java:69)
  com.learn.letskodeit.pages.LoginPage.getLoginErrorAlert(LoginPage.java:69)
  com.learn.letskodeit.pages.LoginPage.getLoginErrorAlert(LoginPage.java:69)
  com.learn.letskodeit.pages.LoginPage.getLoginErrorAlert(LoginPage.java:69)
  com.learn.letskodeit.pages.LoginPage.getLoginErrorAlert(LoginPage.java:69)
  com.learn.letskodeit.pages.LoginPage.getLoginErrorAlert(LoginPage.java:69)
  com.learn.letskodeit.pages.LoginPage.getLoginErrorAlert(LoginPage.java:69)
  com.learn.letskodeit.pages.LoginPage.getLoginErrorAlert(LoginPage.java:69)
  com.learn.letskodeit.pages.LoginPage.getLoginErrorAlert(LoginPage.java:69)
  com.learn.letskodeit.pages.LoginPage.getLoginErrorAlert(LoginPage.java:69)
  com.learn.letskodeit.pages.LoginPage.getLoginErrorAlert(LoginPage.java:69)
  com.learn.letskodeit.pages.LoginPage.getLoginErrorAlert(LoginPage.java:69)
  com.learn.letskodeit.pages.LoginPage.getLoginErrorAlert(LoginPage.java:69)
  com.learn.letskodeit.pages.LoginPage.getLoginErrorAlert(LoginPage.java:69)
  com.learn.letskodeit.pages.LoginPage.getLoginErrorAlert(LoginPage.java:69)
  com.learn.letskodeit.pages.LoginPage.getLoginErrorAlert(LoginPage.java:69)
  com.learn.letskodeit.pages.LoginPage.getLoginErrorAlert(LoginPage.java:69)
  com.learn.letskodeit.pages.LoginPage.getLoginErrorAlert(LoginPage.java:69)
  com.learn.letskodeit.pages.LoginPage.getLoginErrorAlert(LoginPage.java:69)
  com.learn.letskodeit.pages.LoginPage.getLoginErrorAlert(LoginPage.java:69)
  com.learn.letskodeit.pages.LoginPage.getLoginErrorAlert(LoginPage.java:69)
  com.learn.letskodeit.pages.LoginPage.getLoginErrorAlert(LoginPage.java:69)
  com.learn.letskodeit.pages.LoginPage.getLoginErrorAlert(LoginPage.java:69)
  com.learn.letskodeit.pages.LoginPage.getLoginErrorAlert(LoginPage.java:69)
  com.learn.letskodeit.pages.LoginPage.getLoginErrorAlert(LoginPage.java:69)
  com.learn.letskodeit.pages.LoginPage.getLoginErrorAlert(LoginPage.java:69)
  com.learn.letskodeit.pages.LoginPage.getLoginErrorAlert(LoginPage.java:69)
  com.learn.letskodeit.pages.LoginPage.getLoginErrorAlert(LoginPage.java:69)
  com.learn.letskodeit.pages.LoginPage.getLoginErrorAlert(LoginPage.java:69)
  com.learn.letskodeit.pages.LoginPage.getLoginErrorAlert(LoginPage.java:69)
  com.learn.letskodeit.pages.LoginPage.getLoginErrorAlert(LoginPage.java:69)
  com.learn.letskodeit.pages.LoginPage.getLoginErrorAlert(LoginPage.java:69)
  com.learn.letskodeit.pages.LoginPage.getLoginErrorAlert(LoginPage.java:69)
  com.learn.letskodeit.pages.LoginPage.getLoginErrorAlert(LoginPage.java:69)
  com.learn.letskodeit.pages.LoginPage.getLoginErrorAlert(LoginPage.java:69)
  com.learn.letskodeit.pages.LoginPage.getLoginErrorAlert(LoginPage.java:69)
  com.learn.letskodeit.pages.LoginPage.getLoginErrorAlert(LoginPage.java:69)
  com.learn.letskodeit.pages.LoginPage.getLoginErrorAlert(LoginPage.java:69)
  com.learn.letskodeit.pages.LoginPage.getLoginErrorAlert(LoginPage.java:69)
  com.learn.letskodeit.pages.LoginPage.getLoginErrorAlert(LoginPage.java:69)
  com.learn.letskodeit.pages.LoginPage.getLoginErrorAlert(LoginPage.java:69)
  com.learn.letskodeit.pages.LoginPage.getLoginErrorAlert(LoginPage.java:69)
  com.learn.letskodeit.pages.LoginPage.getLoginErrorAlert(LoginPage.java:69)
  com.learn.letskodeit.pages.LoginPage.getLoginErrorAlert(LoginPage.java:69)
  com.learn.letskodeit.pages.LoginPage.getLoginErrorAlert(LoginPage.java:69)
  com.learn.letskodeit.pages.LoginPage.getLoginErrorAlert(LoginPage.java:69)
  com.learn.letskodeit.pages.LoginPage.getLoginErrorAlert(LoginPage.java:69)
  com.learn.letskodeit.pages.LoginPage.getLoginErrorAlert(LoginPage.java:69)
  com.learn.letskodeit.pages.LoginPage.getLoginErrorAlert(LoginPage.java:69)
  com.learn.letskodeit.pages.LoginPage.getLoginErrorAlert(LoginPage.java:69)
  com.learn.letskodeit.pages.LoginPage.getLoginErrorAlert(LoginPage.java:69)
  com.learn.letskodeit.pages.LoginPage.getLoginErrorAlert(LoginPage.java:69)
  com.learn.letskodeit.pages.LoginPage.getLoginErrorAlert(LoginPage.java:69)
  com.learn.letskodeit.pages.LoginPage.getLoginErrorAlert(LoginPage.java:69)
  com.learn.letskodeit.pages.LoginPage.getLoginErrorAlert(LoginPage.java:69)
  com.learn.letskodeit.pages.LoginPage.getLoginErrorAlert(LoginPage.java:69)
  com.learn.letskodeit.pages.LoginPage.getLoginErrorAlert(LoginPage.java:69)
  com.learn.letskodeit.pages.LoginPage.getLoginErrorAlert(LoginPage.java:69)
  com.learn.letskodeit.pages.LoginPage.getLoginErrorAlert(LoginPage.java:69)
  com.learn.letskodeit.pages.LoginPage.getLoginErrorAlert(LoginPage.java:69)
  com.learn.letskodeit.pages.LoginPage.getLoginErrorAlert(LoginPage.java:69)
  com.learn.letskodeit.pages.LoginPage.getLoginErrorAlert(LoginPage.java:69)
  com.learn.letskodeit.pages.LoginPage.getLoginErrorAlert(LoginPage.java:69)
  com.learn.letskodeit.pages.LoginPage.getLoginErrorAlert(LoginPage.java:69)
  com.learn.letskodeit.pages.LoginPage.getLoginErrorAlert(LoginPage.java:69)
  com.learn.letskodeit.pages.LoginPage.getLoginErrorAlert(LoginPage.java:69)
  com.learn.letskodeit.pages.LoginPage.getLoginErrorAlert(LoginPage.java:69)
  com.learn.letskodeit.pages.LoginPage.getLoginErrorAlert(LoginPage.java:69)
  com.learn.letskodeit.pages.LoginPage.getLoginErrorAlert(LoginPage.java:69)
  com.learn.letskodeit.pages.LoginPage.getLoginErrorAlert(LoginPage.java:69)
  com.learn.letskodeit.pages.LoginPage.getLoginErrorAlert(LoginPage.java:69)
  com.learn.letskodeit.pages.LoginPage.getLoginErrorAlert(LoginPage.java:69)
  com.learn.letskodeit.pages.LoginPage.getLoginErrorAlert(LoginPage.java:69)
  com.learn.letskodeit.pages.LoginPage.getLoginErrorAlert(LoginPage.java:69)
  com.learn.letskodeit.pages.LoginPage.getLoginErrorAlert(LoginPage.java:69)
  com.learn.letskodeit.pages.LoginPage.getLoginErrorAlert(LoginPage.java:69)
  com.learn.letskodeit.pages.LoginPage.getLoginErrorAlert(LoginPage.java:69)
  com.learn.letskodeit.pages.LoginPage.getLoginErrorAlert(LoginPage.java:69)
  com.learn.letskodeit.pages.LoginPage.getLoginErrorAlert(LoginPage.java:69)
  com.learn.letskodeit.pages.LoginPage.getLoginErrorAlert(LoginPage.java:69)
  com.learn.letskodeit.pages.LoginPage.getLoginErrorAlert(LoginPage.java:69)
  com.learn.letskodeit.pages.LoginPage.getLoginErrorAlert(LoginPage.java:69)
  com.learn.letskodeit.pages.LoginPage.getLoginErrorAlert(LoginPage.java:69)
  com.learn.letskodeit.pages.LoginPage.getLoginErrorAlert(LoginPage.java:69)
  com.learn.letskodeit.pages.LoginPage.getLoginErrorAlert(LoginPage.java:69)
  com.learn.letskodeit.pages.LoginPage.getLoginErrorAlert(LoginPage.java:69)
  com.learn.letskodeit.pages.LoginPage.getLoginErrorAlert(LoginPage.java:69)
  com.learn.letskodeit.pages.LoginPage.getLoginErrorAlert(LoginPage.java:69)
  com.learn.letskodeit.pages.LoginPage.getLoginErrorAlert(LoginPage.java:69)
  com.learn.letskodeit.pages.LoginPage.getLoginErrorAlert(LoginPage.java:69)
  com.learn.letskodeit.pages.LoginPage.getLoginErrorAlert(LoginPage.java:69)
  com.learn.letskodeit.pages.LoginPage.getLoginErrorAlert(LoginPage.java:69)
  com.learn.letskodeit.pages.LoginPage.getLoginErrorAlert(LoginPage.java:69)
  com.learn.letskodeit.pages.LoginPage.getLoginErrorAlert(LoginPage.java:69)
  com.learn.letskodeit.pages.LoginPage.getLoginErrorAlert(LoginPage.java:69)
  com.learn.letskodeit.pages.LoginPage.getLoginErrorAlert(LoginPage.java:69)
  com.learn.letskodeit.pages.LoginPage.getLoginErrorAlert(LoginPage.java:69)
  com.learn.letskodeit.pages.LoginPage.getLoginErrorAlert(LoginPage.java:69)
  com.learn.letskodeit.pages.LoginPage.getLoginErrorAlert(LoginPage.java:69)
  com.learn.letskodeit.pages.LoginPage.getLoginErrorAlert(LoginPage.java:69)
  com.learn.letskodeit.pages.LoginPage.getLoginErrorAlert(LoginPage.java:69)
  com.learn.letskodeit.pages.LoginPage.getLoginErrorAlert(LoginPage.java:69)
  com.learn.letskodeit.pages.LoginPage.getLoginErrorAlert(LoginPage.java:69)
  com.learn.letskodeit.pages.LoginPage.getLoginErrorAlert(LoginPage.java:69)
  com.learn.letskodeit.pages.LoginPage.getLoginErrorAlert(LoginPage.java:69)
  com.learn.letskodeit.pages.LoginPage.getLoginErrorAlert(LoginPage.java:69)
  com.learn.letskodeit.pages.LoginPage.getLoginErrorAlert(LoginPage.java:69)
  com.learn.letskodeit.pages.LoginPage.getLoginErrorAlert(LoginPage.java:69)
  com.learn.letskodeit.pages.LoginPage.getLoginErrorAlert(LoginPage.java:69)
  com.learn.letskodeit.pages.LoginPage.getLoginErrorAlert(LoginPage.java:69)
  com.learn.letskodeit.pages.LoginPage.getLoginErrorAlert(LoginPage.java:69)
  com.learn.letskodeit.pages.LoginPage.getLoginErrorAlert(LoginPage.java:69)
  com.learn.letskodeit.pages.LoginPage.getLoginErrorAlert(LoginPage.java:69)
  com.learn.letskodeit.pages.LoginPage.getLoginErrorAlert(LoginPage.java:69)
  com.learn.letskodeit.pages.LoginPage.getLoginErrorAlert(LoginPage.java:69)
  com.learn.letskodeit.pages.LoginPage.getLoginErrorAlert(LoginPage.java:69)
  com.learn.letskodeit.pages.LoginPage.getLoginErrorAlert(LoginPage.java:69)
  com.learn.letskodeit.pages.LoginPage.getLoginErrorAlert(LoginPage.java:69)
  com.learn.letskodeit.pages.LoginPage.getLoginErrorAlert(LoginPage.java:69)
  com.learn.letskodeit.pages.LoginPage.getLoginErrorAlert(LoginPage.java:69)
  com.learn.letskodeit.pages.LoginPage.getLoginErrorAlert(LoginPage.java:69)
  com.learn.letskodeit.pages.LoginPage.getLoginErrorAlert(LoginPage.java:69)
  com.learn.letskodeit.pages.LoginPage.getLoginErrorAlert(LoginPage.java:69)
  com.learn.letskodeit.pages.LoginPage.getLoginErrorAlert(LoginPage.java:69)
  com.learn.letskodeit.pages.LoginPage.getLoginErrorAlert(LoginPage.java:69)
  com.learn.letskodeit.pages.LoginPage.getLoginErrorAlert(LoginPage.java:69)
  com.learn.letskodeit.pages.LoginPage.getLoginErrorAlert(LoginPage.java:69)
  com.learn.letskodeit.pages.LoginPage.getLoginErrorAlert(LoginPage.java:69)
  com.learn.letskodeit.pages.LoginPage.getLoginErrorAlert(LoginPage.java:69)
  com.learn.letskodeit.pages.LoginPage.getLoginErrorAlert(LoginPage.java:69)
  com.learn.letskodeit.pages.LoginPage.getLoginErrorAlert(LoginPage.java:69)
  com.learn.letskodeit.pages.LoginPage.getLoginErrorAlert(LoginPage.java:69)
  com.learn.letskodeit.pages.LoginPage.getLoginErrorAlert(LoginPage.java:69)
  com.learn.letskodeit.pages.LoginPage.getLoginErrorAlert(LoginPage.java:69)
  com.learn.letskodeit.pages.LoginPage.getLoginErrorAlert(LoginPage.java:69)
  com.learn.letskodeit.pages.LoginPage.getLoginErrorAlert(LoginPage.java:69)
  com.learn.letskodeit.pages.LoginPage.getLoginErrorAlert(LoginPage.java:69)
  com.learn.letskodeit.pages.LoginPage.getLoginErrorAlert(LoginPage.java:69)
  com.learn.letskodeit.pages.LoginPage.getLoginErrorAlert(LoginPage.java:69)
  com.learn.letskodeit.pages.LoginPage.getLoginErrorAlert(LoginPage.java:69)
  com.learn.letskodeit.pages.LoginPage.getLoginErrorAlert(LoginPage.java:69)
  com.learn.letskodeit.pages.LoginPage.getLoginErrorAlert(LoginPage.java:69)
  com.learn.letskodeit.pages.LoginPage.getLoginErrorAlert(LoginPage.java:69)
  com.learn.letskodeit.pages.LoginPage.getLoginErrorAlert(LoginPage.java:69)
  com.learn.letskodeit.pages.LoginPage.getLoginErrorAlert(LoginPage.java:69)
  com.learn.letskodeit.pages.LoginPage.getLoginErrorAlert(LoginPage.java:69)
  com.learn.letskodeit.pages.LoginPage.getLoginErrorAlert(LoginPage.java:69)
  com.learn.letskodeit.pages.LoginPage.getLoginErrorAlert(LoginPage.java:69)
  com.learn.letskodeit.pages.LoginPage.getLoginErrorAlert(LoginPage.java:69)
  com.learn.letskodeit.pages.LoginPage.getLoginErrorAlert(LoginPage.java:69)
  com.learn.letskodeit.pages.LoginPage.getLoginErrorAlert(LoginPage.java:69)
  com.learn.letskodeit.pages.LoginPage.getLoginErrorAlert(LoginPage.java:69)
  com.learn.letskodeit.pages.LoginPage.getLoginErrorAlert(LoginPage.java:69)
  com.learn.letskodeit.pages.LoginPage.getLoginErrorAlert(LoginPage.java:69)
  com.learn.letskodeit.pages.LoginPage.getLoginErrorAlert(LoginPage.java:69)
  com.learn.letskodeit.pages.LoginPage.getLoginErrorAlert(LoginPage.java:69)
  com.learn.letskodeit.pages.LoginPage.getLoginErrorAlert(LoginPage.java:69)
  com.learn.letskodeit.pages.LoginPage.getLoginErrorAlert(LoginPage.java:69)
  com.learn.letskodeit.pages.LoginPage.getLoginErrorAlert(LoginPage.java:69)
  com.learn.letskodeit.pages.LoginPage.getLoginErrorAlert(LoginPage.java:69)
  com.learn.letskodeit.pages.LoginPage.getLoginErrorAlert(LoginPage.java:69)
  com.learn.letskodeit.pages.LoginPage.getLoginErrorAlert(LoginPage.java:69)
  com.learn.letskodeit.pages.LoginPage.getLoginErrorAlert(LoginPage.java:69)
  com.learn.letskodeit.pages.LoginPage.getLoginErrorAlert(LoginPage.java:69)
  com.learn.letskodeit.pages.LoginPage.getLoginErrorAlert(LoginPage.java:69)
  com.learn.letskodeit.pages.LoginPage.getLoginErrorAlert(LoginPage.java:69)
  com.learn.letskodeit.pages.LoginPage.getLoginErrorAlert(LoginPage.java:69)
  com.learn.letskodeit.pages.LoginPage.getLoginErrorAlert(LoginPage.java:69)
  com.learn.letskodeit.pages.LoginPage.getLoginErrorAlert(LoginPage.java:69)
  com.learn.letskodeit.pages.LoginPage.getLoginErrorAlert(LoginPage.java:69)
  com.learn.letskodeit.pages.LoginPage.getLoginErrorAlert(LoginPage.java:69)
  com.learn.letskodeit.pages.LoginPage.getLoginErrorAlert(LoginPage.java:69)
  com.learn.letskodeit.pages.LoginPage.getLoginErrorAlert(LoginPage.java:69)
  com.learn.letskodeit.pages.LoginPage.getLoginErrorAlert(LoginPage.java:69)
  com.learn.letskodeit.pages.LoginPage.getLoginErrorAlert(LoginPage.java:69)
  com.learn.letskodeit.pages.LoginPage.getLoginErrorAlert(LoginPage.java:69)
  com.learn.letskodeit.pages.LoginPage.getLoginErrorAlert(LoginPage.java:69)
  com.learn.letskodeit.pages.LoginPage.getLoginErrorAlert(LoginPage.java:69)
  com.learn.letskodeit.pages.LoginPage.getLoginErrorAlert(LoginPage.java:69)
  com.learn.letskodeit.pages.LoginPage.getLoginErrorAlert(LoginPage.java:69)
  com.learn.letskodeit.pages.LoginPage.getLoginErrorAlert(LoginPage.java:69)
  com.learn.letskodeit.pages.LoginPage.getLoginErrorAlert(LoginPage.java:69)
  com.learn.letskodeit.pages.LoginPage.getLoginErrorAlert(LoginPage.java:69)
  com.learn.letskodeit.pages.LoginPage.getLoginErrorAlert(LoginPage.java:69)
  com.learn.letskodeit.pages.LoginPage.getLoginErrorAlert(LoginPage.java:69)
  com.learn.letskodeit.pages.LoginPage.getLoginErrorAlert(LoginPage.java:69)
  com.learn.letskodeit.pages.LoginPage.getLoginErrorAlert(LoginPage.java:69)
  com.learn.letskodeit.pages.LoginPage.getLoginErrorAlert(LoginPage.java:69)
  com.learn.letskodeit.pages.LoginPage.getLoginErrorAlert(LoginPage.java:69)
  com.learn.letskodeit.pages.LoginPage.getLoginErrorAlert(LoginPage.java:69)
  com.learn.letskodeit.pages.LoginPage.getLoginErrorAlert(LoginPage.java:69)
  com.learn.letskodeit.pages.LoginPage.getLoginErrorAlert(LoginPage.java:69)
  com.learn.letskodeit.pages.LoginPage.getLoginErrorAlert(LoginPage.java:69)
  com.learn.letskodeit.pages.LoginPage.getLoginErrorAlert(LoginPage.java:69)
  com.learn.letskodeit.pages.LoginPage.getLoginErrorAlert(LoginPage.java:69)
  com.learn.letskodeit.pages.LoginPage.getLoginErrorAlert(LoginPage.java:69)
  com.learn.letskodeit.pages.LoginPage.getLoginErrorAlert(LoginPage.java:69)
  com.learn.letskodeit.pages.LoginPage.getLoginErrorAlert(LoginPage.java:69)
  com.learn.letskodeit.pages.LoginPage.getLoginErrorAlert(LoginPage.java:69)
  com.learn.letskodeit.pages.LoginPage.getLoginErrorAlert(LoginPage.java:69)
  com.learn.letskodeit.pages.LoginPage.getLoginErrorAlert(LoginPage.java:69)
  com.learn.letskodeit.pages.LoginPage.getLoginErrorAlert(LoginPage.java:69)
  com.learn.letskodeit.pages.LoginPage.getLoginErrorAlert(LoginPage.java:69)
  com.learn.letskodeit.pages.LoginPage.getLoginErrorAlert(LoginPage.java:69)
  com.learn.letskodeit.pages.LoginPage.getLoginErrorAlert(LoginPage.java:69)
  com.learn.letskodeit.pages.LoginPage.getLoginErrorAlert(LoginPage.java:69)
  com.learn.letskodeit.pages.LoginPage.getLoginErrorAlert(LoginPage.java:69)
  com.learn.letskodeit.pages.LoginPage.getLoginErrorAlert(LoginPage.java:69)
  com.learn.letskodeit.pages.LoginPage.getLoginErrorAlert(LoginPage.java:69)
  com.learn.letskodeit.pages.LoginPage.getLoginErrorAlert(LoginPage.java:69)
  com.learn.letskodeit.pages.LoginPage.getLoginErrorAlert(LoginPage.java:69)
  com.learn.letskodeit.pages.LoginPage.getLoginErrorAlert(LoginPage.java:69)
  com.learn.letskodeit.pages.LoginPage.getLoginErrorAlert(LoginPage.java:69)
  com.learn.letskodeit.pages.LoginPage.getLoginErrorAlert(LoginPage.java:69)
  com.learn.letskodeit.pages.LoginPage.getLoginErrorAlert(LoginPage.java:69)
  com.learn.letskodeit.pages.LoginPage.getLoginErrorAlert(LoginPage.java:69)
  com.learn.letskodeit.pages.LoginPage.getLoginErrorAlert(LoginPage.java:69)
  com.learn.letskodeit.pages.LoginPage.getLoginErrorAlert(LoginPage.java:69)
  com.learn.letskodeit.pages.LoginPage.getLoginErrorAlert(LoginPage.java:69)
  com.learn.letskodeit.pages.LoginPage.getLoginErrorAlert(LoginPage.java:69)
  com.learn.letskodeit.pages.LoginPage.getLoginErrorAlert(LoginPage.java:69)
  com.learn.letskodeit.pages.LoginPage.getLoginErrorAlert(LoginPage.java:69)
  com.learn.letskodeit.pages.LoginPage.getLoginErrorAlert(LoginPage.java:69)
  com.learn.letskodeit.pages.LoginPage.getLoginErrorAlert(LoginPage.java:69)
  com.learn.letskodeit.pages.LoginPage.getLoginErrorAlert(LoginPage.java:69)
  com.learn.letskodeit.pages.LoginPage.getLoginErrorAlert(LoginPage.java:69)
  com.learn.letskodeit.pages.LoginPage.getLoginErrorAlert(LoginPage.java:69)
  com.learn.letskodeit.pages.LoginPage.getLoginErrorAlert(LoginPage.java:69)
  com.learn.letskodeit.pages.LoginPage.getLoginErrorAlert(LoginPage.java:69)
  com.learn.letskodeit.pages.LoginPage.getLoginErrorAlert(LoginPage.java:69)
  com.learn.letskodeit.pages.LoginPage.getLoginErrorAlert(LoginPage.java:69)
  com.learn.letskodeit.pages.LoginPage.getLoginErrorAlert(LoginPage.java:69)
  com.learn.letskodeit.pages.LoginPage.getLoginErrorAlert(LoginPage.java:69)
  com.learn.letskodeit.pages.LoginPage.getLoginErrorAlert(LoginPage.java:69)
  com.learn.letskodeit.pages.LoginPage.getLoginErrorAlert(LoginPage.java:69)
  com.learn.letskodeit.pages.LoginPage.getLoginErrorAlert(LoginPage.java:69)
  com.learn.letskodeit.pages.LoginPage.getLoginErrorAlert(LoginPage.java:69)
  com.learn.letskodeit.pages.LoginPage.getLoginErrorAlert(LoginPage.java:69)
  com.learn.letskodeit.pages.LoginPage.getLoginErrorAlert(LoginPage.java:69)
  com.learn.letskodeit.pages.LoginPage.getLoginErrorAlert(LoginPage.java:69)
  com.learn.letskodeit.pages.LoginPage.getLoginErrorAlert(LoginPage.java:69)
  com.learn.letskodeit.pages.LoginPage.getLoginErrorAlert(LoginPage.java:69)
  com.learn.letskodeit.pages.LoginPage.getLoginErrorAlert(LoginPage.java:69)
  com.learn.letskodeit.pages.LoginPage.getLoginErrorAlert(LoginPage.java:69)
  com.learn.letskodeit.pages.LoginPage.getLoginErrorAlert(LoginPage.java:69)
  com.learn.letskodeit.pages.LoginPage.getLoginErrorAlert(LoginPage.java:69)
  com.learn.letskodeit.pages.LoginPage.getLoginErrorAlert(LoginPage.java:69)
  com.learn.letskodeit.pages.LoginPage.getLoginErrorAlert(LoginPage.java:69)
  com.learn.letskodeit.pages.LoginPage.getLoginErrorAlert(LoginPage.java:69)
  com.learn.letskodeit.pages.LoginPage.getLoginErrorAlert(LoginPage.java:69)
  com.learn.letskodeit.pages.LoginPage.getLoginErrorAlert(LoginPage.java:69)
  com.learn.letskodeit.pages.LoginPage.getLoginErrorAlert(LoginPage.java:69)
  com.learn.letskodeit.pages.LoginPage.getLoginErrorAlert(LoginPage.java:69)
  com.learn.letskodeit.pages.LoginPage.getLoginErrorAlert(LoginPage.java:69)
  com.learn.letskodeit.pages.LoginPage.getLoginErrorAlert(LoginPage.java:69)
  com.learn.letskodeit.pages.LoginPage.getLoginErrorAlert(LoginPage.java:69)
  com.learn.letskodeit.pages.LoginPage.getLoginErrorAlert(LoginPage.java:69)
  com.learn.letskodeit.pages.LoginPage.getLoginErrorAlert(LoginPage.java:69)
  com.learn.letskodeit.pages.LoginPage.getLoginErrorAlert(LoginPage.java:69)
  com.learn.letskodeit.pages.LoginPage.getLoginErrorAlert(LoginPage.java:69)
  com.learn.letskodeit.pages.LoginPage.getLoginErrorAlert(LoginPage.java:69)
  com.learn.letskodeit.pages.LoginPage.getLoginErrorAlert(LoginPage.java:69)
  com.learn.letskodeit.pages.LoginPage.getLoginErrorAlert(LoginPage.java:69)
  com.learn.letskodeit.pages.LoginPage.getLoginErrorAlert(LoginPage.java:69)
  com.learn.letskodeit.pages.LoginPage.getLoginErrorAlert(LoginPage.java:69)
  com.learn.letskodeit.pages.LoginPage.getLoginErrorAlert(LoginPage.java:69)
  com.learn.letskodeit.pages.LoginPage.getLoginErrorAlert(LoginPage.java:69)
  com.learn.letskodeit.pages.LoginPage.getLoginErrorAlert(LoginPage.java:69)
  com.learn.letskodeit.pages.LoginPage.getLoginErrorAlert(LoginPage.java:69)
  com.learn.letskodeit.pages.LoginPage.getLoginErrorAlert(LoginPage.java:69)
  com.learn.letskodeit.pages.LoginPage.getLoginErrorAlert(LoginPage.java:69)
  com.learn.letskodeit.pages.LoginPage.getLoginErrorAlert(LoginPage.java:69)
  com.learn.letskodeit.pages.LoginPage.getLoginErrorAlert(LoginPage.java:69)
  com.learn.letskodeit.pages.LoginPage.getLoginErrorAlert(LoginPage.java:69)
  com.learn.letskodeit.pages.LoginPage.getLoginErrorAlert(LoginPage.java:69)
  com.learn.letskodeit.pages.LoginPage.getLoginErrorAlert(LoginPage.java:69)
  com.learn.letskodeit.pages.LoginPage.getLoginErrorAlert(LoginPage.java:69)
  com.learn.letskodeit.pages.LoginPage.getLoginErrorAlert(LoginPage.java:69)
  com.learn.letskodeit.pages.LoginPage.getLoginErrorAlert(LoginPage.java:69)
  com.learn.letskodeit.pages.LoginPage.getLoginErrorAlert(LoginPage.java:69)
  com.learn.letskodeit.pages.LoginPage.getLoginErrorAlert(LoginPage.java:69)
  com.learn.letskodeit.pages.LoginPage.getLoginErrorAlert(LoginPage.java:69)
  com.learn.letskodeit.pages.LoginPage.getLoginErrorAlert(LoginPage.java:69)
  com.learn.letskodeit.pages.LoginPage.getLoginErrorAlert(LoginPage.java:69)
  com.learn.letskodeit.pages.LoginPage.getLoginErrorAlert(LoginPage.java:69)
  com.learn.letskodeit.pages.LoginPage.getLoginErrorAlert(LoginPage.java:69)
  com.learn.letskodeit.pages.LoginPage.getLoginErrorAlert(LoginPage.java:69)
  com.learn.letskodeit.pages.LoginPage.getLoginErrorAlert(LoginPage.java:69)
  com.learn.letskodeit.pages.LoginPage.getLoginErrorAlert(LoginPage.java:69)
  com.learn.letskodeit.pages.LoginPage.getLoginErrorAlert(LoginPage.java:69)
  com.learn.letskodeit.pages.LoginPage.getLoginErrorAlert(LoginPage.java:69)
  com.learn.letskodeit.pages.LoginPage.getLoginErrorAlert(LoginPage.java:69)
  com.learn.letskodeit.pages.LoginPage.getLoginErrorAlert(LoginPage.java:69)
  com.learn.letskodeit.pages.LoginPage.getLoginErrorAlert(LoginPage.java:69)
  com.learn.letskodeit.pages.LoginPage.getLoginErrorAlert(LoginPage.java:69)
  com.learn.letskodeit.pages.LoginPage.getLoginErrorAlert(LoginPage.java:69)
  com.learn.letskodeit.pages.LoginPage.getLoginErrorAlert(LoginPage.java:69)
  com.learn.letskodeit.pages.LoginPage.getLoginErrorAlert(LoginPage.java:69)
  com.learn.letskodeit.pages.LoginPage.getLoginErrorAlert(LoginPage.java:69)
  com.learn.letskodeit.pages.LoginPage.getLoginErrorAlert(LoginPage.java:69)
  com.learn.letskodeit.pages.LoginPage.getLoginErrorAlert(LoginPage.java:69)
  com.learn.letskodeit.pages.LoginPage.getLoginErrorAlert(LoginPage.java:69)
  com.learn.letskodeit.pages.LoginPage.getLoginErrorAlert(LoginPage.java:69)
  com.learn.letskodeit.pages.LoginPage.getLoginErrorAlert(LoginPage.java:69)
  com.learn.letskodeit.pages.LoginPage.getLoginErrorAlert(LoginPage.java:69)
  com.learn.letskodeit.pages.LoginPage.getLoginErrorAlert(LoginPage.java:69)
  com.learn.letskodeit.pages.LoginPage.getLoginErrorAlert(LoginPage.java:69)
  com.learn.letskodeit.pages.LoginPage.getLoginErrorAlert(LoginPage.java:69)
  com.learn.letskodeit.pages.LoginPage.getLoginErrorAlert(LoginPage.java:69)
  com.learn.letskodeit.pages.LoginPage.getLoginErrorAlert(LoginPage.java:69)
  com.learn.letskodeit.pages.LoginPage.getLoginErrorAlert(LoginPage.java:69)
  com.learn.letskodeit.pages.LoginPage.getLoginErrorAlert(LoginPage.java:69)
  com.learn.letskodeit.pages.LoginPage.getLoginErrorAlert(LoginPage.java:69)
  com.learn.letskodeit.pages.LoginPage.getLoginErrorAlert(LoginPage.java:69)
  com.learn.letskodeit.pages.LoginPage.getLoginErrorAlert(LoginPage.java:69)
  com.learn.letskodeit.pages.LoginPage.getLoginErrorAlert(LoginPage.java:69)
  com.learn.letskodeit.pages.LoginPage.getLoginErrorAlert(LoginPage.java:69)
  com.learn.letskodeit.pages.LoginPage.getLoginErrorAlert(LoginPage.java:69)
  com.learn.letskodeit.pages.LoginPage.getLoginErrorAlert(LoginPage.java:69)
  com.learn.letskodeit.pages.LoginPage.getLoginErrorAlert(LoginPage.java:69)
  com.learn.letskodeit.pages.LoginPage.getLoginErrorAlert(LoginPage.java:69)
  com.learn.letskodeit.pages.LoginPage.getLoginErrorAlert(LoginPage.java:69)
  com.learn.letskodeit.pages.LoginPage.getLoginErrorAlert(LoginPage.java:69)
  com.learn.letskodeit.pages.LoginPage.getLoginErrorAlert(LoginPage.java:69)
  com.learn.letskodeit.pages.LoginPage.getLoginErrorAlert(LoginPage.java:69)
  com.learn.letskodeit.pages.LoginPage.getLoginErrorAlert(LoginPage.java:69)
  com.learn.letskodeit.pages.LoginPage.getLoginErrorAlert(LoginPage.java:69)
  com.learn.letskodeit.pages.LoginPage.getLoginErrorAlert(LoginPage.java:69)
  com.learn.letskodeit.pages.LoginPage.getLoginErrorAlert(LoginPage.java:69)
  com.learn.letskodeit.pages.LoginPage.getLoginErrorAlert(LoginPage.java:69)
  com.learn.letskodeit.pages.LoginPage.getLoginErrorAlert(LoginPage.java:69)
  com.learn.letskodeit.pages.LoginPage.getLoginErrorAlert(LoginPage.java:69)
  com.learn.letskodeit.pages.LoginPage.getLoginErrorAlert(LoginPage.java:69)
  com.learn.letskodeit.pages.LoginPage.getLoginErrorAlert(LoginPage.java:69)
  com.learn.letskodeit.pages.LoginPage.getLoginErrorAlert(LoginPage.java:69)
  com.learn.letskodeit.pages.LoginPage.getLoginErrorAlert(LoginPage.java:69)
  com.learn.letskodeit.pages.LoginPage.getLoginErrorAlert(LoginPage.java:69)
  com.learn.letskodeit.pages.LoginPage.getLoginErrorAlert(LoginPage.java:69)
  com.learn.letskodeit.pages.LoginPage.getLoginErrorAlert(LoginPage.java:69)
  com.learn.letskodeit.pages.LoginPage.getLoginErrorAlert(LoginPage.java:69)
  com.learn.letskodeit.pages.LoginPage.getLoginErrorAlert(LoginPage.java:69)
  com.learn.letskodeit.pages.LoginPage.getLoginErrorAlert(LoginPage.java:69)
  com.learn.letskodeit.pages.LoginPage.getLoginErrorAlert(LoginPage.java:69)
  com.learn.letskodeit.pages.LoginPage.getLoginErrorAlert(LoginPage.java:69)
  com.learn.letskodeit.pages.LoginPage.getLoginErrorAlert(LoginPage.java:69)
  com.learn.letskodeit.pages.LoginPage.getLoginErrorAlert(LoginPage.java:69)
  com.learn.letskodeit.pages.LoginPage.getLoginErrorAlert(LoginPage.java:69)
  com.learn.letskodeit.pages.LoginPage.getLoginErrorAlert(LoginPage.java:69)
  com.learn.letskodeit.pages.LoginPage.getLoginErrorAlert(LoginPage.java:69)
  com.learn.letskodeit.pages.LoginPage.getLoginErrorAlert(LoginPage.java:69)
  com.learn.letskodeit.pages.LoginPage.getLoginErrorAlert(LoginPage.java:69)
  com.learn.letskodeit.pages.LoginPage.getLoginErrorAlert(LoginPage.java:69)
  com.learn.letskodeit.pages.LoginPage.getLoginErrorAlert(LoginPage.java:69)
  com.learn.letskodeit.pages.LoginPage.getLoginErrorAlert(LoginPage.java:69)
  com.learn.letskodeit.pages.LoginPage.getLoginErrorAlert(LoginPage.java:69)
  com.learn.letskodeit.pages.LoginPage.getLoginErrorAlert(LoginPage.java:69)
  com.learn.letskodeit.pages.LoginPage.getLoginErrorAlert(LoginPage.java:69)
  com.learn.letskodeit.pages.LoginPage.getLoginErrorAlert(LoginPage.java:69)
  com.learn.letskodeit.pages.LoginPage.getLoginErrorAlert(LoginPage.java:69)
  com.learn.letskodeit.pages.LoginPage.getLoginErrorAlert(LoginPage.java:69)
  com.learn.letskodeit.pages.LoginPage.getLoginErrorAlert(LoginPage.java:69)
  com.learn.letskodeit.pages.LoginPage.getLoginErrorAlert(LoginPage.java:69)
  com.learn.letskodeit.pages.LoginPage.getLoginErrorAlert(LoginPage.java:69)
  com.learn.letskodeit.pages.LoginPage.getLoginErrorAlert(LoginPage.java:69)
  com.learn.letskodeit.pages.LoginPage.getLoginErrorAlert(LoginPage.java:69)
  com.learn.letskodeit.pages.LoginPage.getLoginErrorAlert(LoginPage.java:69)
  com.learn.letskodeit.pages.LoginPage.getLoginErrorAlert(LoginPage.java:69)
  com.learn.letskodeit.pages.LoginPage.getLoginErrorAlert(LoginPage.java:69)
  com.learn.letskodeit.pages.LoginPage.getLoginErrorAlert(LoginPage.java:69)
  com.learn.letskodeit.pages.LoginPage.getLoginErrorAlert(LoginPage.java:69)
  com.learn.letskodeit.pages.LoginPage.getLoginErrorAlert(LoginPage.java:69)
  com.learn.letskodeit.pages.LoginPage.getLoginErrorAlert(LoginPage.java:69)
  com.learn.letskodeit.pages.LoginPage.getLoginErrorAlert(LoginPage.java:69)
  com.learn.letskodeit.pages.LoginPage.getLoginErrorAlert(LoginPage.java:69)
  com.learn.letskodeit.pages.LoginPage.getLoginErrorAlert(LoginPage.java:69)
  com.learn.letskodeit.pages.LoginPage.getLoginErrorAlert(LoginPage.java:69)
  com.learn.letskodeit.pages.LoginPage.getLoginErrorAlert(LoginPage.java:69)
  com.learn.letskodeit.pages.LoginPage.getLoginErrorAlert(LoginPage.java:69)
  com.learn.letskodeit.pages.LoginPage.getLoginErrorAlert(LoginPage.java:69)
  com.learn.letskodeit.pages.LoginPage.getLoginErrorAlert(LoginPage.java:69)
  com.learn.letskodeit.pages.LoginPage.getLoginErrorAlert(LoginPage.java:69)
  com.learn.letskodeit.pages.LoginPage.getLoginErrorAlert(LoginPage.java:69)
  com.learn.letskodeit.pages.LoginPage.getLoginErrorAlert(LoginPage.java:69)
  com.learn.letskodeit.pages.LoginPage.getLoginErrorAlert(LoginPage.java:69)
  com.learn.letskodeit.pages.LoginPage.getLoginErrorAlert(LoginPage.java:69)
  com.learn.letskodeit.pages.LoginPage.getLoginErrorAlert(LoginPage.java:69)
  com.learn.letskodeit.pages.LoginPage.getLoginErrorAlert(LoginPage.java:69)
  com.learn.letskodeit.pages.LoginPage.getLoginErrorAlert(LoginPage.java:69)
  com.learn.letskodeit.pages.LoginPage.getLoginErrorAlert(LoginPage.java:69)
  com.learn.letskodeit.pages.LoginPage.getLoginErrorAlert(LoginPage.java:69)
  com.learn.letskodeit.pages.LoginPage.getLoginErrorAlert(LoginPage.java:69)
  com.learn.letskodeit.pages.LoginPage.getLoginErrorAlert(LoginPage.java:69)
  com.learn.letskodeit.pages.LoginPage.getLoginErrorAlert(LoginPage.java:69)
  com.learn.letskodeit.pages.LoginPage.getLoginErrorAlert(LoginPage.java:69)
  com.learn.letskodeit.pages.LoginPage.getLoginErrorAlert(LoginPage.java:69)
  com.learn.letskodeit.pages.LoginPage.getLoginErrorAlert(LoginPage.java:69)
  com.learn.letskodeit.pages.LoginPage.getLoginErrorAlert(LoginPage.java:69)
  com.learn.letskodeit.pages.LoginPage.getLoginErrorAlert(LoginPage.java:69)
  com.learn.letskodeit.pages.LoginPage.getLoginErrorAlert(LoginPage.java:69)
  com.learn.letskodeit.pages.LoginPage.getLoginErrorAlert(LoginPage.java:69)
  com.learn.letskodeit.pages.LoginPage.getLoginErrorAlert(LoginPage.java:69)
  com.learn.letskodeit.pages.LoginPage.getLoginErrorAlert(LoginPage.java:69)
  com.learn.letskodeit.pages.LoginPage.getLoginErrorAlert(LoginPage.java:69)
  com.learn.letskodeit.pages.LoginPage.getLoginErrorAlert(LoginPage.java:69)
  com.learn.letskodeit.pages.LoginPage.getLoginErrorAlert(LoginPage.java:69)
  com.learn.letskodeit.pages.LoginPage.getLoginErrorAlert(LoginPage.java:69)
  com.learn.letskodeit.pages.LoginPage.getLoginErrorAlert(LoginPage.java:69)
  com.learn.letskodeit.pages.LoginPage.getLoginErrorAlert(LoginPage.java:69)
  com.learn.letskodeit.pages.LoginPage.getLoginErrorAlert(LoginPage.java:69)
  com.learn.letskodeit.pages.LoginPage.getLoginErrorAlert(LoginPage.java:69)
  com.learn.letskodeit.pages.LoginPage.getLoginErrorAlert(LoginPage.java:69)
  com.learn.letskodeit.pages.LoginPage.getLoginErrorAlert(LoginPage.java:69)
  com.learn.letskodeit.pages.LoginPage.getLoginErrorAlert(LoginPage.java:69)
  com.learn.letskodeit.pages.LoginPage.getLoginErrorAlert(LoginPage.java:69)
  com.learn.letskodeit.pages.LoginPage.getLoginErrorAlert(LoginPage.java:69)
  com.learn.letskodeit.pages.LoginPage.getLoginErrorAlert(LoginPage.java:69)
  com.learn.letskodeit.pages.LoginPage.getLoginErrorAlert(LoginPage.java:69)
  com.learn.letskodeit.pages.LoginPage.getLoginErrorAlert(LoginPage.java:69)
  com.learn.letskodeit.pages.LoginPage.getLoginErrorAlert(LoginPage.java:69)
  com.learn.letskodeit.pages.LoginPage.getLoginErrorAlert(LoginPage.java:69)
  com.learn.letskodeit.pages.LoginPage.getLoginErrorAlert(LoginPage.java:69)
  com.learn.letskodeit.pages.LoginPage.getLoginErrorAlert(LoginPage.java:69)
  com.learn.letskodeit.pages.LoginPage.getLoginErrorAlert(LoginPage.java:69)
  com.learn.letskodeit.pages.LoginPage.getLoginErrorAlert(LoginPage.java:69)
  com.learn.letskodeit.pages.LoginPage.getLoginErrorAlert(LoginPage.java:69)
  com.learn.letskodeit.pages.LoginPage.getLoginErrorAlert(LoginPage.java:69)
  com.learn.letskodeit.pages.LoginPage.getLoginErrorAlert(LoginPage.java:69)
  com.learn.letskodeit.pages.LoginPage.getLoginErrorAlert(LoginPage.java:69)
  com.learn.letskodeit.pages.LoginPage.getLoginErrorAlert(LoginPage.java:69)
  com.learn.letskodeit.pages.LoginPage.getLoginErrorAlert(LoginPage.java:69)
  com.learn.letskodeit.pages.LoginPage.getLoginErrorAlert(LoginPage.java:69)
  com.learn.letskodeit.pages.LoginPage.getLoginErrorAlert(LoginPage.java:69)
  com.learn.letskodeit.pages.LoginPage.getLoginErrorAlert(LoginPage.java:69)
  com.learn.letskodeit.pages.LoginPage.getLoginErrorAlert(LoginPage.java:69)
  com.learn.letskodeit.pages.LoginPage.getLoginErrorAlert(LoginPage.java:69)
  com.learn.letskodeit.pages.LoginPage.getLoginErrorAlert(LoginPage.java:69)
  com.learn.letskodeit.pages.LoginPage.getLoginErrorAlert(LoginPage.java:69)
  com.learn.letskodeit.pages.LoginPage.getLoginErrorAlert(LoginPage.java:69)
  com.learn.letskodeit.pages.LoginPage.getLoginErrorAlert(LoginPage.java:69)
  com.learn.letskodeit.pages.LoginPage.getLoginErrorAlert(LoginPage.java:69)
  com.learn.letskodeit.pages.LoginPage.getLoginErrorAlert(LoginPage.java:69)
  com.learn.letskodeit.pages.LoginPage.getLoginErrorAlert(LoginPage.java:69)
  com.learn.letskodeit.pages.LoginPage.getLoginErrorAlert(LoginPage.java:69)
  com.learn.letskodeit.pages.LoginPage.getLoginErrorAlert(LoginPage.java:69)
  com.learn.letskodeit.pages.LoginPage.getLoginErrorAlert(LoginPage.java:69)
  com.learn.letskodeit.pages.LoginPage.getLoginErrorAlert(LoginPage.java:69)
  com.learn.letskodeit.pages.LoginPage.getLoginErrorAlert(LoginPage.java:69)
  com.learn.letskodeit.pages.LoginPage.getLoginErrorAlert(LoginPage.java:69)
  com.learn.letskodeit.pages.LoginPage.getLoginErrorAlert(LoginPage.java:69)
  com.learn.letskodeit.pages.LoginPage.getLoginErrorAlert(LoginPage.java:69)
  com.learn.letskodeit.pages.LoginPage.getLoginErrorAlert(LoginPage.java:69)
  com.learn.letskodeit.pages.LoginPage.getLoginErrorAlert(LoginPage.java:69)
  com.learn.letskodeit.pages.LoginPage.getLoginErrorAlert(LoginPage.java:69)
  com.learn.letskodeit.pages.LoginPage.getLoginErrorAlert(LoginPage.java:69)
  com.learn.letskodeit.pages.LoginPage.getLoginErrorAlert(LoginPage.java:69)
  com.learn.letskodeit.pages.LoginPage.getLoginErrorAlert(LoginPage.java:69)
  com.learn.letskodeit.pages.LoginPage.getLoginErrorAlert(LoginPage.java:69)
  com.learn.letskodeit.pages.LoginPage.getLoginErrorAlert(LoginPage.java:69)
  com.learn.letskodeit.pages.LoginPage.getLoginErrorAlert(LoginPage.java:69)
  com.learn.letskodeit.pages.LoginPage.getLoginErrorAlert(LoginPage.java:69)
  com.learn.letskodeit.pages.LoginPage.getLoginErrorAlert(LoginPage.java:69)
  com.learn.letskodeit.pages.LoginPage.getLoginErrorAlert(LoginPage.java:69)
  com.learn.letskodeit.pages.LoginPage.getLoginErrorAlert(LoginPage.java:69)
  com.learn.letskodeit.pages.LoginPage.getLoginErrorAlert(LoginPage.java:69)
  com.learn.letskodeit.pages.LoginPage.getLoginErrorAlert(LoginPage.java:69)
  com.learn.letskodeit.pages.LoginPage.getLoginErrorAlert(LoginPage.java:69)
  com.learn.letskodeit.pages.LoginPage.getLoginErrorAlert(LoginPage.java:69)
  com.learn.letskodeit.pages.LoginPage.getLoginErrorAlert(LoginPage.java:69)
  com.learn.letskodeit.pages.LoginPage.getLoginErrorAlert(LoginPage.java:69)
  com.learn.letskodeit.pages.LoginPage.getLoginErrorAlert(LoginPage.java:69)
  com.learn.letskodeit.pages.LoginPage.getLoginErrorAlert(LoginPage.java:69)
  com.learn.letskodeit.pages.LoginPage.getLoginErrorAlert(LoginPage.java:69)
  com.learn.letskodeit.pages.LoginPage.getLoginErrorAlert(LoginPage.java:69)
  com.learn.letskodeit.pages.LoginPage.getLoginErrorAlert(LoginPage.java:69)
  com.learn.letskodeit.pages.LoginPage.getLoginErrorAlert(LoginPage.java:69)
  com.learn.letskodeit.pages.LoginPage.getLoginErrorAlert(LoginPage.java:69)
  com.learn.letskodeit.pages.LoginPage.getLoginErrorAlert(LoginPage.java:69)
  com.learn.letskodeit.pages.LoginPage.getLoginErrorAlert(LoginPage.java:69)
  com.learn.letskodeit.pages.LoginPage.getLoginErrorAlert(LoginPage.java:69)
  com.learn.letskodeit.pages.LoginPage.getLoginErrorAlert(LoginPage.java:69)
  com.learn.letskodeit.pages.LoginPage.getLoginErrorAlert(LoginPage.java:69)
  com.learn.letskodeit.pages.LoginPage.getLoginErrorAlert(LoginPage.java:69)
  com.learn.letskodeit.pages.LoginPage.getLoginErrorAlert(LoginPage.java:69)
  com.learn.letskodeit.pages.LoginPage.getLoginErrorAlert(LoginPage.java:69)
  com.learn.letskodeit.pages.LoginPage.getLoginErrorAlert(LoginPage.java:69)
  com.learn.letskodeit.pages.LoginPage.getLoginErrorAlert(LoginPage.java:69)
  com.learn.letskodeit.pages.LoginPage.getLoginErrorAlert(LoginPage.java:69)
  com.learn.letskodeit.pages.LoginPage.getLoginErrorAlert(LoginPage.java:69)
  com.learn.letskodeit.pages.LoginPage.getLoginErrorAlert(LoginPage.java:69)
  com.learn.letskodeit.pages.LoginPage.getLoginErrorAlert(LoginPage.java:69)
  com.learn.letskodeit.pages.LoginPage.getLoginErrorAlert(LoginPage.java:69)
  com.learn.letskodeit.pages.LoginPage.getLoginErrorAlert(LoginPage.java:69)
  com.learn.letskodeit.pages.LoginPage.getLoginErrorAlert(LoginPage.java:69)
  com.learn.letskodeit.pages.LoginPage.getLoginErrorAlert(LoginPage.java:69)
  com.learn.letskodeit.pages.LoginPage.getLoginErrorAlert(LoginPage.java:69)
  com.learn.letskodeit.pages.LoginPage.getLoginErrorAlert(LoginPage.java:69)
  com.learn.letskodeit.pages.LoginPage.getLoginErrorAlert(LoginPage.java:69)
  com.learn.letskodeit.pages.LoginPage.getLoginErrorAlert(LoginPage.java:69)
  com.learn.letskodeit.pages.LoginPage.getLoginErrorAlert(LoginPage.java:69)
  com.learn.letskodeit.pages.LoginPage.getLoginErrorAlert(LoginPage.java:69)
  com.learn.letskodeit.pages.LoginPage.getLoginErrorAlert(LoginPage.java:69)
  com.learn.letskodeit.pages.LoginPage.getLoginErrorAlert(LoginPage.java:69)
  com.learn.letskodeit.pages.LoginPage.getLoginErrorAlert(LoginPage.java:69)
  com.learn.letskodeit.pages.LoginPage.getLoginErrorAlert(LoginPage.java:69)
  com.learn.letskodeit.pages.LoginPage.getLoginErrorAlert(LoginPage.java:69)
  com.learn.letskodeit.pages.LoginPage.getLoginErrorAlert(LoginPage.java:69)
  com.learn.letskodeit.pages.LoginPage.getLoginErrorAlert(LoginPage.java:69)
  com.learn.letskodeit.pages.LoginPage.getLoginErrorAlert(LoginPage.java:69)
  com.learn.letskodeit.pages.LoginPage.getLoginErrorAlert(LoginPage.java:69)
  com.learn.letskodeit.pages.LoginPage.getLoginErrorAlert(LoginPage.java:69)
  com.learn.letskodeit.pages.LoginPage.getLoginErrorAlert(LoginPage.java:69)
  com.learn.letskodeit.pages.LoginPage.getLoginErrorAlert(LoginPage.java:69)
  com.learn.letskodeit.pages.LoginPage.getLoginErrorAlert(LoginPage.java:69)
  com.learn.letskodeit.pages.LoginPage.getLoginErrorAlert(LoginPage.java:69)
  com.learn.letskodeit.pages.LoginPage.getLoginErrorAlert(LoginPage.java:69)
  com.learn.letskodeit.pages.LoginPage.getLoginErrorAlert(LoginPage.java:69)
  com.learn.letskodeit.pages.LoginPage.getLoginErrorAlert(LoginPage.java:69)
  com.learn.letskodeit.pages.LoginPage.getLoginErrorAlert(LoginPage.java:69)
  com.learn.letskodeit.pages.LoginPage.getLoginErrorAlert(LoginPage.java:69)
  com.learn.letskodeit.pages.LoginPage.getLoginErrorAlert(LoginPage.java:69)
  com.learn.letskodeit.pages.LoginPage.getLoginErrorAlert(LoginPage.java:69)
  com.learn.letskodeit.pages.LoginPage.getLoginErrorAlert(LoginPage.java:69)
  com.learn.letskodeit.pages.LoginPage.getLoginErrorAlert(LoginPage.java:69)
  com.learn.letskodeit.pages.LoginPage.getLoginErrorAlert(LoginPage.java:69)
  com.learn.letskodeit.pages.LoginPage.getLoginErrorAlert(LoginPage.java:69)
  com.learn.letskodeit.pages.LoginPage.getLoginErrorAlert(LoginPage.java:69)
  com.learn.letskodeit.pages.LoginPage.getLoginErrorAlert(LoginPage.java:69)
  com.learn.letskodeit.pages.LoginPage.getLoginErrorAlert(LoginPage.java:69)
  com.learn.letskodeit.pages.LoginPage.getLoginErrorAlert(LoginPage.java:69)
  com.learn.letskodeit.pages.LoginPage.getLoginErrorAlert(LoginPage.java:69)
  com.learn.letskodeit.pages.LoginPage.getLoginErrorAlert(LoginPage.java:69)
  com.learn.letskodeit.pages.LoginPage.getLoginErrorAlert(LoginPage.java:69)
  com.learn.letskodeit.pages.LoginPage.getLoginErrorAlert(LoginPage.java:69)
  com.learn.letskodeit.pages.LoginPage.getLoginErrorAlert(LoginPage.java:69)
  com.learn.letskodeit.pages.LoginPage.getLoginErrorAlert(LoginPage.java:69)
  com.learn.letskodeit.pages.LoginPage.getLoginErrorAlert(LoginPage.java:69)
  com.learn.letskodeit.pages.LoginPage.getLoginErrorAlert(LoginPage.java:69)
  com.learn.letskodeit.pages.LoginPage.getLoginErrorAlert(LoginPage.java:69)
  com.learn.letskodeit.pages.LoginPage.getLoginErrorAlert(LoginPage.java:69)
  com.learn.letskodeit.pages.LoginPage.getLoginErrorAlert(LoginPage.java:69)
  com.learn.letskodeit.pages.LoginPage.getLoginErrorAlert(LoginPage.java:69)
  com.learn.letskodeit.pages.LoginPage.getLoginErrorAlert(LoginPage.java:69)
  com.learn.letskodeit.pages.LoginPage.getLoginErrorAlert(LoginPage.java:69)
  com.learn.letskodeit.pages.LoginPage.getLoginErrorAlert(LoginPage.java:69)
  com.learn.letskodeit.pages.LoginPage.getLoginErrorAlert(LoginPage.java:69)
  com.learn.letskodeit.pages.LoginPage.getLoginErrorAlert(LoginPage.java:69)
  com.learn.letskodeit.pages.LoginPage.getLoginErrorAlert(LoginPage.java:69)
  com.learn.letskodeit.pages.LoginPage.getLoginErrorAlert(LoginPage.java:69)
  com.learn.letskodeit.pages.LoginPage.getLoginErrorAlert(LoginPage.java:69)
  com.learn.letskodeit.pages.LoginPage.getLoginErrorAlert(LoginPage.java:69)
  com.learn.letskodeit.pages.LoginPage.getLoginErrorAlert(LoginPage.java:69)
  com.learn.letskodeit.pages.LoginPage.getLoginErrorAlert(LoginPage.java:69)
  com.learn.letskodeit.pages.LoginPage.getLoginErrorAlert(LoginPage.java:69)
  com.learn.letskodeit.pages.LoginPage.getLoginErrorAlert(LoginPage.java:69)
  com.learn.letskodeit.pages.LoginPage.getLoginErrorAlert(LoginPage.java:69)
  com.learn.letskodeit.pages.LoginPage.getLoginErrorAlert(LoginPage.java:69)
  com.learn.letskodeit.pages.LoginPage.getLoginErrorAlert(LoginPage.java:69)
  com.learn.letskodeit.pages.LoginPage.getLoginErrorAlert(LoginPage.java:69)
  com.learn.letskodeit.pages.LoginPage.getLoginErrorAlert(LoginPage.java:69)
  com.learn.letskodeit.pages.LoginPage.getLoginErrorAlert(LoginPage.java:69)
  com.learn.letskodeit.pages.LoginPage.getLoginErrorAlert(LoginPage.java:69)
  com.learn.letskodeit.pages.LoginPage.getLoginErrorAlert(LoginPage.java:69)
  com.learn.letskodeit.pages.LoginPage.getLoginErrorAlert(LoginPage.java:69)
  com.learn.letskodeit.pages.LoginPage.getLoginErrorAlert(LoginPage.java:69)
  com.learn.letskodeit.pages.LoginPage.getLoginErrorAlert(LoginPage.java:69)
  com.learn.letskodeit.pages.LoginPage.getLoginErrorAlert(LoginPage.java:69)
  com.learn.letskodeit.pages.LoginPage.getLoginErrorAlert(LoginPage.java:69)
  com.learn.letskodeit.pages.LoginPage.getLoginErrorAlert(LoginPage.java:69)
  com.learn.letskodeit.pages.LoginPage.getLoginErrorAlert(LoginPage.java:69)
  com.learn.letskodeit.pages.LoginPage.getLoginErrorAlert(LoginPage.java:69)
  com.learn.letskodeit.pages.LoginPage.getLoginErrorAlert(LoginPage.java:69)
  com.learn.letskodeit.pages.LoginPage.getLoginErrorAlert(LoginPage.java:69)
  com.learn.letskodeit.pages.LoginPage.getLoginErrorAlert(LoginPage.java:69)
  com.learn.letskodeit.pages.LoginPage.getLoginErrorAlert(LoginPage.java:69)
  com.learn.letskodeit.pages.LoginPage.getLoginErrorAlert(LoginPage.java:69)
  com.learn.letskodeit.pages.LoginPage.getLoginErrorAlert(LoginPage.java:69)
  com.learn.letskodeit.pages.LoginPage.getLoginErrorAlert(LoginPage.java:69)
  com.learn.letskodeit.pages.LoginPage.getLoginErrorAlert(LoginPage.java:69)
  com.learn.letskodeit.pages.LoginPage.getLoginErrorAlert(LoginPage.java:69)
  com.learn.letskodeit.pages.LoginPage.getLoginErrorAlert(LoginPage.java:69)
  com.learn.letskodeit.pages.LoginPage.getLoginErrorAlert(LoginPage.java:69)
  com.learn.letskodeit.pages.LoginPage.getLoginErrorAlert(LoginPage.java:69)
  com.learn.letskodeit.pages.LoginPage.getLoginErrorAlert(LoginPage.java:69)
  com.learn.letskodeit.pages.LoginPage.getLoginErrorAlert(LoginPage.java:69)
  com.learn.letskodeit.pages.LoginPage.getLoginErrorAlert(LoginPage.java:69)
  com.learn.letskodeit.pages.LoginPage.getLoginErrorAlert(LoginPage.java:69)
  com.learn.letskodeit.pages.LoginPage.getLoginErrorAlert(LoginPage.java:69)
  com.learn.letskodeit.pages.LoginPage.getLoginErrorAlert(LoginPage.java:69)
  com.learn.letskodeit.pages.LoginPage.getLoginErrorAlert(LoginPage.java:69)
  com.learn.letskodeit.pages.LoginPage.getLoginErrorAlert(LoginPage.java:69)
  com.learn.letskodeit.pages.LoginPage.getLoginErrorAlert(LoginPage.java:69)
  com.learn.letskodeit.pages.LoginPage.getLoginErrorAlert(LoginPage.java:69)
  com.learn.letskodeit.pages.LoginPage.getLoginErrorAlert(LoginPage.java:69)
  com.learn.letskodeit.pages.LoginPage.getLoginErrorAlert(LoginPage.java:69)
  com.learn.letskodeit.pages.LoginPage.getLoginErrorAlert(LoginPage.java:69)
  com.learn.letskodeit.pages.LoginPage.getLoginErrorAlert(LoginPage.java:69)
  com.learn.letskodeit.pages.LoginPage.getLoginErrorAlert(LoginPage.java:69)
  com.learn.letskodeit.pages.LoginPage.getLoginErrorAlert(LoginPage.java:69)
  com.learn.letskodeit.pages.LoginPage.getLoginErrorAlert(LoginPage.java:69)
  com.learn.letskodeit.pages.LoginPage.getLoginErrorAlert(LoginPage.java:69)
  com.learn.letskodeit.pages.LoginPage.getLoginErrorAlert(LoginPage.java:69)
  com.learn.letskodeit.pages.LoginPage.getLoginErrorAlert(LoginPage.java:69)
  com.learn.letskodeit.pages.LoginPage.getLoginErrorAlert(LoginPage.java:69)
  com.learn.letskodeit.pages.LoginPage.getLoginErrorAlert(LoginPage.java:69)
  com.learn.letskodeit.pages.LoginPage.getLoginErrorAlert(LoginPage.java:69)
  com.learn.letskodeit.pages.LoginPage.getLoginErrorAlert(LoginPage.java:69)
  com.learn.letskodeit.pages.LoginPage.getLoginErrorAlert(LoginPage.java:69)
  com.learn.letskodeit.pages.LoginPage.getLoginErrorAlert(LoginPage.java:69)
  com.learn.letskodeit.pages.LoginPage.getLoginErrorAlert(LoginPage.java:69)
  com.learn.letskodeit.pages.LoginPage.getLoginErrorAlert(LoginPage.java:69)
  com.learn.letskodeit.pages.LoginPage.getLoginErrorAlert(LoginPage.java:69)
  com.learn.letskodeit.pages.LoginPage.getLoginErrorAlert(LoginPage.java:69)
  com.learn.letskodeit.pages.LoginPage.getLoginErrorAlert(LoginPage.java:69)
  com.learn.letskodeit.pages.LoginPage.getLoginErrorAlert(LoginPage.java:69)
  com.learn.letskodeit.pages.LoginPage.getLoginErrorAlert(LoginPage.java:69)
  com.learn.letskodeit.pages.LoginPage.getLoginErrorAlert(LoginPage.java:69)
  com.learn.letskodeit.pages.LoginPage.getLoginErrorAlert(LoginPage.java:69)
  com.learn.letskodeit.pages.LoginPage.getLoginErrorAlert(LoginPage.java:69)
  com.learn.letskodeit.pages.LoginPage.getLoginErrorAlert(LoginPage.java:69)
  com.learn.letskodeit.pages.LoginPage.getLoginErrorAlert(LoginPage.java:69)
  com.learn.letskodeit.pages.LoginPage.getLoginErrorAlert(LoginPage.java:69)
  com.learn.letskodeit.pages.LoginPage.getLoginErrorAlert(LoginPage.java:69)
  com.learn.letskodeit.pages.LoginPage.getLoginErrorAlert(LoginPage.java:69)
  com.learn.letskodeit.pages.LoginPage.getLoginErrorAlert(LoginPage.java:69)
  com.learn.letskodeit.pages.LoginPage.getLoginErrorAlert(LoginPage.java:69)
  com.learn.letskodeit.pages.LoginPage.getLoginErrorAlert(LoginPage.java:69)
  com.learn.letskodeit.pages.LoginPage.getLoginErrorAlert(LoginPage.java:69)
  com.learn.letskodeit.pages.LoginPage.getLoginErrorAlert(LoginPage.java:69)
  com.learn.letskodeit.pages.LoginPage.getLoginErrorAlert(LoginPage.java:69)
  com.learn.letskodeit.pages.LoginPage.getLoginErrorAlert(LoginPage.java:69)
  com.learn.letskodeit.pages.LoginPage.getLoginErrorAlert(LoginPage.java:69)
  com.learn.letskodeit.pages.LoginPage.getLoginErrorAlert(LoginPage.java:69)
  com.learn.letskodeit.pages.LoginPage.getLoginErrorAlert(LoginPage.java:69)
  com.learn.letskodeit.pages.LoginPage.getLoginErrorAlert(LoginPage.java:69)
  com.learn.letskodeit.pages.LoginPage.getLoginErrorAlert(LoginPage.java:69)
  com.learn.letskodeit.pages.LoginPage.getLoginErrorAlert(LoginPage.java:69)
  com.learn.letskodeit.pages.LoginPage.getLoginErrorAlert(LoginPage.java:69)
  com.learn.letskodeit.pages.LoginPage.getLoginErrorAlert(LoginPage.java:69)
  com.learn.letskodeit.pages.LoginPage.getLoginErrorAlert(LoginPage.java:69)
  com.learn.letskodeit.pages.LoginPage.getLoginErrorAlert(LoginPage.java:69)
  com.learn.letskodeit.pages.LoginPage.getLoginErrorAlert(LoginPage.java:69)
  com.learn.letskodeit.pages.LoginPage.getLoginErrorAlert(LoginPage.java:69)
  com.learn.letskodeit.pages.LoginPage.getLoginErrorAlert(LoginPage.java:69)
  com.learn.letskodeit.pages.LoginPage.getLoginErrorAlert(LoginPage.java:69)
  com.learn.letskodeit.pages.LoginPage.getLoginErrorAlert(LoginPage.java:69)
  com.learn.letskodeit.pages.LoginPage.getLoginErrorAlert(LoginPage.java:69)
  com.learn.letskodeit.pages.LoginPage.getLoginErrorAlert(LoginPage.java:69)
  com.learn.letskodeit.pages.LoginPage.getLoginErrorAlert(LoginPage.java:69)
  com.learn.letskodeit.pages.LoginPage.getLoginErrorAlert(LoginPage.java:69)
  com.learn.letskodeit.pages.LoginPage.getLoginErrorAlert(LoginPage.java:69)
  com.learn.letskodeit.pages.LoginPage.getLoginErrorAlert(LoginPage.java:69)
  com.learn.letskodeit.pages.LoginPage.getLoginErrorAlert(LoginPage.java:69)
  com.learn.letskodeit.pages.LoginPage.getLoginErrorAlert(LoginPage.java:69)
  com.learn.letskodeit.pages.LoginPage.getLoginErrorAlert(LoginPage.java:69)
  com.learn.letskodeit.pages.LoginPage.getLoginErrorAlert(LoginPage.java:69)
  com.learn.letskodeit.pages.LoginPage.getLoginErrorAlert(LoginPage.java:69)
  com.learn.letskodeit.pages.LoginPage.getLoginErrorAlert(LoginPage.java:69)
  com.learn.letskodeit.pages.LoginPage.getLoginErrorAlert(LoginPage.java:69)
  com.learn.letskodeit.pages.LoginPage.getLoginErrorAlert(LoginPage.java:69)
  com.learn.letskodeit.pages.LoginPage.getLoginErrorAlert(LoginPage.java:69)
  com.learn.letskodeit.pages.LoginPage.getLoginErrorAlert(LoginPage.java:69)
  com.learn.letskodeit.pages.LoginPage.getLoginErrorAlert(LoginPage.java:69)
  com.learn.letskodeit.pages.LoginPage.getLoginErrorAlert(LoginPage.java:69)
  com.learn.letskodeit.pages.LoginPage.getLoginErrorAlert(LoginPage.java:69)
  com.learn.letskodeit.pages.LoginPage.getLoginErrorAlert(LoginPage.java:69)
  com.learn.letskodeit.pages.LoginPage.getLoginErrorAlert(LoginPage.java:69)
  com.learn.letskodeit.pages.LoginPage.getLoginErrorAlert(LoginPage.java:69)
  com.learn.letskodeit.pages.LoginPage.getLoginErrorAlert(LoginPage.java:69)
  com.learn.letskodeit.pages.LoginPage.getLoginErrorAlert(LoginPage.java:69)
  com.learn.letskodeit.pages.LoginPage.getLoginErrorAlert(LoginPage.java:69)
  com.learn.letskodeit.pages.LoginPage.getLoginErrorAlert(LoginPage.java:69)
  com.learn.letskodeit.pages.LoginPage.getLoginErrorAlert(LoginPage.java:69)
  com.learn.letskodeit.pages.LoginPage.getLoginErrorAlert(LoginPage.java:69)
  com.learn.letskodeit.pages.LoginPage.getLoginErrorAlert(LoginPage.java:69)
  com.learn.letskodeit.pages.LoginPage.getLoginErrorAlert(LoginPage.java:69)
  com.learn.letskodeit.pages.LoginPage.getLoginErrorAlert(LoginPage.java:69)
  com.learn.letskodeit.pages.LoginPage.getLoginErrorAlert(LoginPage.java:69)
  com.learn.letskodeit.pages.LoginPage.getLoginErrorAlert(LoginPage.java:69)
  com.learn.letskodeit.pages.LoginPage.getLoginErrorAlert(LoginPage.java:69)
  com.learn.letskodeit.pages.LoginPage.getLoginErrorAlert(LoginPage.java:69)
  com.learn.letskodeit.pages.LoginPage.getLoginErrorAlert(LoginPage.java:69)
  com.learn.letskodeit.pages.LoginPage.getLoginErrorAlert(LoginPage.java:69)
  com.learn.letskodeit.pages.LoginPage.getLoginErrorAlert(LoginPage.java:69)
  com.learn.letskodeit.pages.LoginPage.getLoginErrorAlert(LoginPage.java:69)
  com.learn.letskodeit.pages.LoginPage.getLoginErrorAlert(LoginPage.java:69)
  com.learn.letskodeit.pages.LoginPage.getLoginErrorAlert(LoginPage.java:69)
  com.learn.letskodeit.pages.LoginPage.getLoginErrorAlert(LoginPage.java:69)
  com.learn.letskodeit.pages.LoginPage.getLoginErrorAlert(LoginPage.java:69)
  com.learn.letskodeit.pages.LoginPage.getLoginErrorAlert(LoginPage.java:69)
  com.learn.letskodeit.pages.LoginPage.getLoginErrorAlert(LoginPage.java:69)
  com.learn.letskodeit.pages.LoginPage.getLoginErrorAlert(LoginPage.java:69)
  com.learn.letskodeit.pages.LoginPage.getLoginErrorAlert(LoginPage.java:69)
  com.learn.letskodeit.pages.LoginPage.getLoginErrorAlert(LoginPage.java:69)
  com.learn.letskodeit.pages.LoginPage.getLoginErrorAlert(LoginPage.java:69)
  com.learn.letskodeit.pages.LoginPage.getLoginErrorAlert(LoginPage.java:69)
  com.learn.letskodeit.pages.LoginPage.getLoginErrorAlert(LoginPage.java:69)
  com.learn.letskodeit.pages.LoginPage.getLoginErrorAlert(LoginPage.java:69)
  com.learn.letskodeit.pages.LoginPage.getLoginErrorAlert(LoginPage.java:69)
  com.learn.letskodeit.pages.LoginPage.getLoginErrorAlert(LoginPage.java:69)
  com.learn.letskodeit.pages.LoginPage.getLoginErrorAlert(LoginPage.java:69)
  com.learn.letskodeit.pages.LoginPage.getLoginErrorAlert(LoginPage.java:69)
  com.learn.letskodeit.pages.LoginPage.getLoginErrorAlert(LoginPage.java:69)
  com.learn.letskodeit.pages.LoginPage.getLoginErrorAlert(LoginPage.java:69)
  com.learn.letskodeit.pages.LoginPage.getLoginErrorAlert(LoginPage.java:69)
  com.learn.letskodeit.pages.LoginPage.getLoginErrorAlert(LoginPage.java:69)
  com.learn.letskodeit.pages.LoginPage.getLoginErrorAlert(LoginPage.java:69)
  com.learn.letskodeit.pages.LoginPage.getLoginErrorAlert(LoginPage.java:69)
  com.learn.letskodeit.pages.LoginPage.getLoginErrorAlert(LoginPage.java:69)
  com.learn.letskodeit.pages.LoginPage.getLoginErrorAlert(LoginPage.java:69)
  com.learn.letskodeit.pages.LoginPage.getLoginErrorAlert(LoginPage.java:69)
  com.learn.letskodeit.pages.LoginPage.getLoginErrorAlert(LoginPage.java:69)
  com.learn.letskodeit.pages.LoginPage.getLoginErrorAlert(LoginPage.java:69)
  com.learn.letskodeit.pages.LoginPage.getLoginErrorAlert(LoginPage.java:69)
  com.learn.letskodeit.pages.LoginPage.getLoginErrorAlert(LoginPage.java:69)
  com.learn.letskodeit.pages.LoginPage.getLoginErrorAlert(LoginPage.java:69)
  com.learn.letskodeit.pages.LoginPage.getLoginErrorAlert(LoginPage.java:69)
  com.learn.letskodeit.pages.LoginPage.getLoginErrorAlert(LoginPage.java:69)
  com.learn.letskodeit.pages.LoginPage.getLoginErrorAlert(LoginPage.java:69)
  com.learn.letskodeit.pages.LoginPage.getLoginErrorAlert(LoginPage.java:69)
  com.learn.letskodeit.pages.LoginPage.getLoginErrorAlert(LoginPage.java:69)
  com.learn.letskodeit.pages.LoginPage.getLoginErrorAlert(LoginPage.java:69)
  com.learn.letskodeit.pages.LoginPage.getLoginErrorAlert(LoginPage.java:69)
  com.learn.letskodeit.pages.LoginPage.getLoginErrorAlert(LoginPage.java:69)
  com.learn.letskodeit.pages.LoginPage.getLoginErrorAlert(LoginPage.java:69)
  com.learn.letskodeit.pages.LoginPage.getLoginErrorAlert(LoginPage.java:69)
  com.learn.letskodeit.pages.LoginPage.getLoginErrorAlert(LoginPage.java:69)
  com.learn.letskodeit.pages.LoginPage.getLoginErrorAlert(LoginPage.java:69)
  com.learn.letskodeit.pages.LoginPage.getLoginErrorAlert(LoginPage.java:69)
  com.learn.letskodeit.pages.LoginPage.getLoginErrorAlert(LoginPage.java:69)
  com.learn.letskodeit.pages.LoginPage.getLoginErrorAlert(LoginPage.java:69)
  com.learn.letskodeit.pages.LoginPage.getLoginErrorAlert(LoginPage.java:69)
  com.learn.letskodeit.pages.LoginPage.getLoginErrorAlert(LoginPage.java:69)
  com.learn.letskodeit.pages.LoginPage.getLoginErrorAlert(LoginPage.java:69)
  com.learn.letskodeit.pages.LoginPage.getLoginErrorAlert(LoginPage.java:69)
  com.learn.letskodeit.pages.LoginPage.getLoginErrorAlert(LoginPage.java:69)
  com.learn.letskodeit.pages.LoginPage.getLoginErrorAlert(LoginPage.java:69)
  com.learn.letskodeit.pages.LoginPage.getLoginErrorAlert(LoginPage.java:69)
  com.learn.letskodeit.pages.LoginPage.getLoginErrorAlert(LoginPage.java:69)
  com.learn.letskodeit.pages.LoginPage.getLoginErrorAlert(LoginPage.java:69)
  com.learn.letskodeit.pages.LoginPage.getLoginErrorAlert(LoginPage.java:69)
  com.learn.letskodeit.pages.LoginPage.getLoginErrorAlert(LoginPage.java:69)
  com.learn.letskodeit.pages.LoginPage.getLoginErrorAlert(LoginPage.java:69)
  com.learn.letskodeit.pages.LoginPage.getLoginErrorAlert(LoginPage.java:69)
  com.learn.letskodeit.pages.LoginPage.getLoginErrorAlert(LoginPage.java:69)
  com.learn.letskodeit.pages.LoginPage.getLoginErrorAlert(LoginPage.java:69)
  com.learn.letskodeit.pages.LoginPage.getLoginErrorAlert(LoginPage.java:69)
  com.learn.letskodeit.pages.LoginPage.getLoginErrorAlert(LoginPage.java:69)
  com.learn.letskodeit.pages.LoginPage.getLoginErrorAlert(LoginPage.java:69)
  com.learn.letskodeit.pages.LoginPage.getLoginErrorAlert(LoginPage.java:69)
  com.learn.letskodeit.pages.LoginPage.getLoginErrorAlert(LoginPage.java:69)
  com.learn.letskodeit.pages.LoginPage.getLoginErrorAlert(LoginPage.java:69)
  com.learn.letskodeit.pages.LoginPage.getLoginErrorAlert(LoginPage.java:69)
  com.learn.letskodeit.pages.LoginPage.getLoginErrorAlert(LoginPage.java:69)
  com.learn.letskodeit.pages.LoginPage.getLoginErrorAlert(LoginPage.java:69)
  com.learn.letskodeit.pages.LoginPage.getLoginErrorAlert(LoginPage.java:69)
  com.learn.letskodeit.pages.LoginPage.getLoginErrorAlert(LoginPage.java:69)
  com.learn.letskodeit.pages.LoginPage.getLoginErrorAlert(LoginPage.java:69)
  com.learn.letskodeit.pages.LoginPage.getLoginErrorAlert(LoginPage.java:69)
  com.learn.letskodeit.pages.LoginPage.getLoginErrorAlert(LoginPage.java:69)
  com.learn.letskodeit.pages.LoginPage.getLoginErrorAlert(LoginPage.java:69)
  com.learn.letskodeit.pages.LoginPage.getLoginErrorAlert(LoginPage.java:69)
  com.learn.letskodeit.pages.LoginPage.getLoginErrorAlert(LoginPage.java:69)
  com.learn.letskodeit.pages.LoginPage.getLoginErrorAlert(LoginPage.java:69)
  com.learn.letskodeit.pages.LoginPage.getLoginErrorAlert(LoginPage.java:69)
  com.learn.letskodeit.pages.LoginPage.getLoginErrorAlert(LoginPage.java:69)
  com.learn.letskodeit.pages.LoginPage.getLoginErrorAlert(LoginPage.java:69)
  com.learn.letskodeit.pages.LoginPage.getLoginErrorAlert(LoginPage.java:69)
  com.learn.letskodeit.pages.LoginPage.getLoginErrorAlert(LoginPage.java:69)
  com.learn.letskodeit.pages.LoginPage.getLoginErrorAlert(LoginPage.java:69)
  com.learn.letskodeit.pages.LoginPage.getLoginErrorAlert(LoginPage.java:69)
  com.learn.letskodeit.pages.LoginPage.getLoginErrorAlert(LoginPage.java:69)
  com.learn.letskodeit.pages.LoginPage.getLoginErrorAlert(LoginPage.java:69)
  com.learn.letskodeit.pages.LoginPage.getLoginErrorAlert(LoginPage.java:69)
  com.learn.letskodeit.pages.LoginPage.getLoginErrorAlert(LoginPage.java:69)
  com.learn.letskodeit.pages.LoginPage.getLoginErrorAlert(LoginPage.java:69)
  com.learn.letskodeit.pages.LoginPage.getLoginErrorAlert(LoginPage.java:69)
  com.learn.letskodeit.pages.LoginPage.getLoginErrorAlert(LoginPage.java:69)
  com.learn.letskodeit.pages.LoginPage.getLoginErrorAlert(LoginPage.java:69)
  com.learn.letskodeit.pages.LoginPage.getLoginErrorAlert(LoginPage.java:69)
  com.learn.letskodeit.pages.LoginPage.getLoginErrorAlert(LoginPage.java:69)
  com.learn.letskodeit.pages.LoginPage.getLoginErrorAlert(LoginPage.java:69)
  com.learn.letskodeit.pages.LoginPage.getLoginErrorAlert(LoginPage.java:69)
  com.learn.letskodeit.pages.LoginPage.getLoginErrorAlert(LoginPage.java:69)
  com.learn.letskodeit.pages.LoginPage.getLoginErrorAlert(LoginPage.java:69)
  com.learn.letskodeit.pages.LoginPage.getLoginErrorAlert(LoginPage.java:69)
  com.learn.letskodeit.pages.LoginPage.getLoginErrorAlert(LoginPage.java:69)
  com.learn.letskodeit.pages.LoginPage.getLoginErrorAlert(LoginPage.java:69)
  com.learn.letskodeit.pages.LoginPage.getLoginErrorAlert(LoginPage.java:69)
  com.learn.letskodeit.pages.LoginPage.getLoginErrorAlert(LoginPage.java:69)
  com.learn.letskodeit.pages.LoginPage.getLoginErrorAlert(LoginPage.java:69)
  com.learn.letskodeit.pages.LoginPage.getLoginErrorAlert(LoginPage.java:69)
  com.learn.letskodeit.pages.LoginPage.getLoginErrorAlert(LoginPage.java:69)
  com.learn.letskodeit.pages.LoginPage.getLoginErrorAlert(LoginPage.java:69)
  com.learn.letskodeit.pages.LoginPage.getLoginErrorAlert(LoginPage.java:69)
  com.learn.letskodeit.pages.LoginPage.getLoginErrorAlert(LoginPage.java:69)
  com.learn.letskodeit.pages.LoginPage.getLoginErrorAlert(LoginPage.java:69)
  com.learn.letskodeit.pages.LoginPage.getLoginErrorAlert(LoginPage.java:69)
  com.learn.letskodeit.pages.LoginPage.getLoginErrorAlert(LoginPage.java:69)
  com.learn.letskodeit.pages.LoginPage.getLoginErrorAlert(LoginPage.java:69)
  com.learn.letskodeit.pages.LoginPage.getLoginErrorAlert(LoginPage.java:69)
  com.learn.letskodeit.pages.LoginPage.getLoginErrorAlert(LoginPage.java:69)
  com.learn.letskodeit.pages.LoginPage.getLoginErrorAlert(LoginPage.java:69)
  com.learn.letskodeit.pages.LoginPage.getLoginErrorAlert(LoginPage.java:69)
  com.learn.letskodeit.pages.LoginPage.getLoginErrorAlert(LoginPage.java:69)
  com.learn.letskodeit.pages.LoginPage.getLoginErrorAlert(LoginPage.java:69)
  com.learn.letskodeit.pages.LoginPage.getLoginErrorAlert(LoginPage.java:69)
  com.learn.letskodeit.pages.LoginPage.getLoginErrorAlert(LoginPage.java:69)
  com.learn.letskodeit.pages.LoginPage.getLoginErrorAlert(LoginPage.java:69)
  com.learn.letskodeit.pages.LoginPage.getLoginErrorAlert(LoginPage.java:69)
  com.learn.letskodeit.pages.LoginPage.getLoginErrorAlert(LoginPage.java:69)
  com.learn.letskodeit.pages.LoginPage.getLoginErrorAlert(LoginPage.java:69)
  com.learn.letskodeit.pages.LoginPage.getLoginErrorAlert(LoginPage.java:69)
  com.learn.letskodeit.pages.LoginPage.getLoginErrorAlert(LoginPage.java:69)
  com.learn.letskodeit.pages.LoginPage.getLoginErrorAlert(LoginPage.java:69)
  com.learn.letskodeit.pages.LoginPage.getLoginErrorAlert(LoginPage.java:69)
  com.learn.letskodeit.pages.LoginPage.getLoginErrorAlert(LoginPage.java:69)
  com.learn.letskodeit.pages.LoginPage.getLoginErrorAlert(LoginPage.java:69)
  com.learn.letskodeit.pages.LoginPage.getLoginErrorAlert(LoginPage.java:69)
  com.learn.letskodeit.pages.LoginPage.getLoginErrorAlert(LoginPage.java:69)
  com.learn.letskodeit.pages.LoginPage.getLoginErrorAlert(LoginPage.java:69)
  com.learn.letskodeit.pages.LoginPage.getLoginErrorAlert(LoginPage.java:69)
  com.learn.letskodeit.pages.LoginPage.getLoginErrorAlert(LoginPage.java:69)
  com.learn.letskodeit.pages.LoginPage.getLoginErrorAlert(LoginPage.java:69)
  com.learn.letskodeit.pages.LoginPage.getLoginErrorAlert(LoginPage.java:69)
  com.learn.letskodeit.pages.LoginPage.getLoginErrorAlert(LoginPage.java:69)
  com.learn.letskodeit.pages.LoginPage.getLoginErrorAlert(LoginPage.java:69)
  com.learn.letskodeit.pages.LoginPage.getLoginErrorAlert(LoginPage.java:69)
  com.learn.letskodeit.pages.LoginPage.getLoginErrorAlert(LoginPage.java:69)
  com.learn.letskodeit.pages.LoginPage.getLoginErrorAlert(LoginPage.java:69)
  com.learn.letskodeit.pages.LoginPage.getLoginErrorAlert(LoginPage.java:69)
  com.learn.letskodeit.pages.LoginPage.getLoginErrorAlert(LoginPage.java:69)
  com.learn.letskodeit.pages.LoginPage.getLoginErrorAlert(LoginPage.java:69)
  com.learn.letskodeit.pages.LoginPage.getLoginErrorAlert(LoginPage.java:69)
  com.learn.letskodeit.pages.LoginPage.getLoginErrorAlert(LoginPage.java:69)
  com.learn.letskodeit.pages.LoginPage.getLoginErrorAlert(LoginPage.java:69)
  com.learn.letskodeit.pages.LoginPage.getLoginErrorAlert(LoginPage.java:69)
  com.learn.letskodeit.pages.LoginPage.getLoginErrorAlert(LoginPage.java:69)
  com.learn.letskodeit.pages.LoginPage.getLoginErrorAlert(LoginPage.java:69)
  com.learn.letskodeit.pages.LoginPage.getLoginErrorAlert(LoginPage.java:69)
  com.learn.letskodeit.pages.LoginPage.getLoginErrorAlert(LoginPage.java:69)
  com.learn.letskodeit.pages.LoginPage.getLoginErrorAlert(LoginPage.java:69)
  com.learn.letskodeit.pages.LoginPage.getLoginErrorAlert(LoginPage.java:69)
  com.learn.letskodeit.pages.LoginPage.getLoginErrorAlert(LoginPage.java:69)
  com.learn.letskodeit.pages.LoginPage.getLoginErrorAlert(LoginPage.java:69)
  com.learn.letskodeit.pages.LoginPage.getLoginErrorAlert(LoginPage.java:69)
  com.learn.letskodeit.pages.LoginPage.getLoginErrorAlert(LoginPage.java:69)
  com.learn.letskodeit.pages.LoginPage.getLoginErrorAlert(LoginPage.java:69)
  com.learn.letskodeit.pages.LoginPage.getLoginErrorAlert(LoginPage.java:69)
  com.learn.letskodeit.pages.LoginPage.getLoginErrorAlert(LoginPage.java:69)
  com.learn.letskodeit.pages.LoginPage.getLoginErrorAlert(LoginPage.java:69)
  com.learn.letskodeit.pages.LoginPage.getLoginErrorAlert(LoginPage.java:69)
  com.learn.letskodeit.pages.LoginPage.getLoginErrorAlert(LoginPage.java:69)
  com.learn.letskodeit.pages.LoginPage.getLoginErrorAlert(LoginPage.java:69)
  com.learn.letskodeit.pages.LoginPage.getLoginErrorAlert(LoginPage.java:69)
  com.learn.letskodeit.pages.LoginPage.getLoginErrorAlert(LoginPage.java:69)
  com.learn.letskodeit.pages.LoginPage.getLoginErrorAlert(LoginPage.java:69)
  com.learn.letskodeit.pages.LoginPage.getLoginErrorAlert(LoginPage.java:69)
  com.learn.letskodeit.pages.LoginPage.getLoginErrorAlert(LoginPage.java:69)
  com.learn.letskodeit.pages.LoginPage.getLoginErrorAlert(LoginPage.java:69)
  com.learn.letskodeit.pages.LoginPage.getLoginErrorAlert(LoginPage.java:69)
  com.learn.letskodeit.pages.LoginPage.getLoginErrorAlert(LoginPage.java:69)
  com.learn.letskodeit.pages.LoginPage.getLoginErrorAlert(LoginPage.java:69)
  com.learn.letskodeit.pages.LoginPage.getLoginErrorAlert(LoginPage.java:69)
  com.learn.letskodeit.pages.LoginPage.getLoginErrorAlert(LoginPage.java:69)
  com.learn.letskodeit.pages.LoginPage.getLoginErrorAlert(LoginPage.java:69)
  com.learn.letskodeit.pages.LoginPage.getLoginErrorAlert(LoginPage.java:69)
  com.learn.letskodeit.pages.LoginPage.getLoginErrorAlert(LoginPage.java:69)
  com.learn.letskodeit.pages.LoginPage.getLoginErrorAlert(LoginPage.java:69)
  com.learn.letskodeit.pages.LoginPage.getLoginErrorAlert(LoginPage.java:69)
  com.learn.letskodeit.pages.LoginPage.getLoginErrorAlert(LoginPage.java:69)
  com.learn.letskodeit.pages.LoginPage.getLoginErrorAlert(LoginPage.java:69)
  com.learn.letskodeit.pages.LoginPage.getLoginErrorAlert(LoginPage.java:69)
  com.learn.letskodeit.pages.LoginPage.getLoginErrorAlert(LoginPage.java:69)
  com.learn.letskodeit.pages.LoginPage.getLoginErrorAlert(LoginPage.java:69)
  com.learn.letskodeit.pages.LoginPage.getLoginErrorAlert(LoginPage.java:69)
  com.learn.letskodeit.pages.LoginPage.getLoginErrorAlert(LoginPage.java:69)
  com.learn.letskodeit.pages.LoginPage.getLoginErrorAlert(LoginPage.java:69)
  com.learn.letskodeit.pages.LoginPage.getLoginErrorAlert(LoginPage.java:69)
  com.learn.letskodeit.pages.LoginPage.getLoginErrorAlert(LoginPage.java:69)
  com.learn.letskodeit.pages.LoginPage.getLoginErrorAlert(LoginPage.java:69)
  com.learn.letskodeit.pages.LoginPage.getLoginErrorAlert(LoginPage.java:69)
  com.learn.letskodeit.pages.LoginPage.getLoginErrorAlert(LoginPage.java:69)
  com.learn.letskodeit.pages.LoginPage.getLoginErrorAlert(LoginPage.java:69)
  com.learn.letskodeit.pages.LoginPage.getLoginErrorAlert(LoginPage.java:69)
  com.learn.letskodeit.pages.LoginPage.getLoginErrorAlert(LoginPage.java:69)
  com.learn.letskodeit.pages.LoginPage.getLoginErrorAlert(LoginPage.java:69)
  com.learn.letskodeit.pages.LoginPage.getLoginErrorAlert(LoginPage.java:69)
  com.learn.letskodeit.pages.LoginPage.getLoginErrorAlert(LoginPage.java:69)
  com.learn.letskodeit.pages.LoginPage.getLoginErrorAlert(LoginPage.java:69)
  com.learn.letskodeit.pages.LoginPage.getLoginErrorAlert(LoginPage.java:69)
  com.learn.letskodeit.pages.LoginPage.getLoginErrorAlert(LoginPage.java:69)
  com.learn.letskodeit.pages.LoginPage.getLoginErrorAlert(LoginPage.java:69)
  com.learn.letskodeit.pages.LoginPage.getLoginErrorAlert(LoginPage.java:69)
  com.learn.letskodeit.pages.LoginPage.getLoginErrorAlert(LoginPage.java:69)
  com.learn.letskodeit.pages.LoginPage.getLoginErrorAlert(LoginPage.java:69)
  com.learn.letskodeit.pages.LoginPage.getLoginErrorAlert(LoginPage.java:69)
  com.learn.letskodeit.pages.LoginPage.getLoginErrorAlert(LoginPage.java:69)
  com.learn.letskodeit.pages.LoginPage.getLoginErrorAlert(LoginPage.java:69)
  com.learn.letskodeit.pages.LoginPage.getLoginErrorAlert(LoginPage.java:69)
  com.learn.letskodeit.pages.LoginPage.getLoginErrorAlert(LoginPage.java:69)
  com.learn.letskodeit.pages.LoginPage.getLoginErrorAlert(LoginPage.java:69)
  com.learn.letskodeit.pages.LoginPage.getLoginErrorAlert(LoginPage.java:69)
  com.learn.letskodeit.pages.LoginPage.getLoginErrorAlert(LoginPage.java:69)
  com.learn.letskodeit.pages.LoginPage.getLoginErrorAlert(LoginPage.java:69)
  com.learn.letskodeit.pages.LoginPage.getLoginErrorAlert(LoginPage.java:69)
  com.learn.letskodeit.pages.LoginPage.getLoginErrorAlert(LoginPage.java:69)
  com.learn.letskodeit.pages.LoginPage.getLoginErrorAlert(LoginPage.java:69)
  com.learn.letskodeit.pages.LoginPage.getLoginErrorAlert(LoginPage.java:69)
  com.learn.letskodeit.pages.LoginPage.getLoginErrorAlert(LoginPage.java:69)
  com.learn.letskodeit.pages.LoginPage.getLoginErrorAlert(LoginPage.java:69)
  com.learn.letskodeit.pages.LoginPage.getLoginErrorAlert(LoginPage.java:69)
  com.learn.letskodeit.pages.LoginPage.getLoginErrorAlert(LoginPage.java:69)
  com.learn.letskodeit.pages.LoginPage.getLoginErrorAlert(LoginPage.java:69)
  com.learn.letskodeit.pages.LoginPage.getLoginErrorAlert(LoginPage.java:69)
  com.learn.letskodeit.pages.LoginPage.getLoginErrorAlert(LoginPage.java:69)
  com.learn.letskodeit.pages.LoginPage.getLoginErrorAlert(LoginPage.java:69)
  com.learn.letskodeit.pages.LoginPage.getLoginErrorAlert(LoginPage.java:69)
  com.learn.letskodeit.pages.LoginPage.getLoginErrorAlert(LoginPage.java:69)
  com.learn.letskodeit.pages.LoginPage.getLoginErrorAlert(LoginPage.java:69)
  com.learn.letskodeit.pages.LoginPage.getLoginErrorAlert(LoginPage.java:69)
  com.learn.letskodeit.pages.LoginPage.getLoginErrorAlert(LoginPage.java:69)
  com.learn.letskodeit.pages.LoginPage.getLoginErrorAlert(LoginPage.java:69)
  com.learn.letskodeit.pages.LoginPage.getLoginErrorAlert(LoginPage.java:69)
  com.learn.letskodeit.pages.LoginPage.getLoginErrorAlert(LoginPage.java:69)
  com.learn.letskodeit.pages.LoginPage.getLoginErrorAlert(LoginPage.java:69)
  com.learn.letskodeit.pages.LoginPage.getLoginErrorAlert(LoginPage.java:69)
  com.learn.letskodeit.pages.LoginPage.getLoginErrorAlert(LoginPage.java:69)
  com.learn.letskodeit.pages.LoginPage.getLoginErrorAlert(LoginPage.java:69)
  com.learn.letskodeit.pages.LoginPage.getLoginErrorAlert(LoginPage.java:69)
  com.learn.letskodeit.pages.LoginPage.getLoginErrorAlert(LoginPage.java:69)
  com.learn.letskodeit.pages.LoginPage.getLoginErrorAlert(LoginPage.java:69)
  com.learn.letskodeit.pages.LoginPage.getLoginErrorAlert(LoginPage.java:69)
  com.learn.letskodeit.pages.LoginPage.getLoginErrorAlert(LoginPage.java:69)
  com.learn.letskodeit.pages.LoginPage.getLoginErrorAlert(LoginPage.java:69)
  com.learn.letskodeit.pages.LoginPage.getLoginErrorAlert(LoginPage.java:69)
  com.learn.letskodeit.pages.LoginPage.getLoginErrorAlert(LoginPage.java:69)
  com.learn.letskodeit.pages.LoginPage.getLoginErrorAlert(LoginPage.java:69)
  com.learn.letskodeit.pages.LoginPage.getLoginErrorAlert(LoginPage.java:69)
  com.learn.letskodeit.pages.LoginPage.getLoginErrorAlert(LoginPage.java:69)
  com.learn.letskodeit.pages.LoginPage.getLoginErrorAlert(LoginPage.java:69)
  com.learn.letskodeit.pages.LoginPage.getLoginErrorAlert(LoginPage.java:69)
  com.learn.letskodeit.pages.LoginPage.getLoginErrorAlert(LoginPage.java:69)
  com.learn.letskodeit.pages.LoginPage.getLoginErrorAlert(LoginPage.java:69)
  com.learn.letskodeit.pages.LoginPage.getLoginErrorAlert(LoginPage.java:69)
  com.learn.letskodeit.pages.LoginPage.getLoginErrorAlert(LoginPage.java:69)
  com.learn.letskodeit.pages.LoginPage.getLoginErrorAlert(LoginPage.java:69)
  com.learn.letskodeit.pages.LoginPage.getLoginErrorAlert(LoginPage.java:69)
  com.learn.letskodeit.pages.LoginPage.getLoginErrorAlert(LoginPage.java:69)
  com.learn.letskodeit.pages.LoginPage.getLoginErrorAlert(LoginPage.java:69)
  com.learn.letskodeit.pages.LoginPage.getLoginErrorAlert(LoginPage.java:69)
  com.learn.letskodeit.pages.LoginPage.getLoginErrorAlert(LoginPage.java:69)
  com.learn.letskodeit.pages.LoginPage.getLoginErrorAlert(LoginPage.java:69)
  com.learn.letskodeit.pages.LoginPage.getLoginErrorAlert(LoginPage.java:69)
  com.learn.letskodeit.pages.LoginPage.getLoginErrorAlert(LoginPage.java:69)
  com.learn.letskodeit.pages.LoginPage.getLoginErrorAlert(LoginPage.java:69)
  com.learn.letskodeit.pages.LoginPage.getLoginErrorAlert(LoginPage.java:69)
  com.learn.letskodeit.pages.LoginPage.getLoginErrorAlert(LoginPage.java:69)
  com.learn.letskodeit.pages.LoginPage.getLoginErrorAlert(LoginPage.java:69)
  com.learn.letskodeit.pages.LoginPage.getLoginErrorAlert(LoginPage.java:69)
  com.learn.letskodeit.pages.LoginPage.getLoginErrorAlert(LoginPage.java:69)
  com.learn.letskodeit.pages.LoginPage.getLoginErrorAlert(LoginPage.java:69)
  com.learn.letskodeit.pages.LoginPage.getLoginErrorAlert(LoginPage.java:69)
  com.learn.letskodeit.pages.LoginPage.getLoginErrorAlert(LoginPage.java:69)
  com.learn.letskodeit.pages.LoginPage.getLoginErrorAlert(LoginPage.java:69)
  com.learn.letskodeit.pages.LoginPage.getLoginErrorAlert(LoginPage.java:69)
  com.learn.letskodeit.pages.LoginPage.getLoginErrorAlert(LoginPage.java:69)
  com.learn.letskodeit.pages.LoginPage.getLoginErrorAlert(LoginPage.java:69)
  com.learn.letskodeit.pages.LoginPage.getLoginErrorAlert(LoginPage.java:69)
  com.learn.letskodeit.pages.LoginPage.getLoginErrorAlert(LoginPage.java:69)
  com.learn.letskodeit.pages.LoginPage.getLoginErrorAlert(LoginPage.java:69)
  com.learn.letskodeit.pages.LoginPage.getLoginErrorAlert(LoginPage.java:69)
  com.learn.letskodeit.pages.LoginPage.getLoginErrorAlert(LoginPage.java:69)
  com.learn.letskodeit.pages.LoginPage.getLoginErrorAlert(LoginPage.java:69)
  com.learn.letskodeit.pages.LoginPage.getLoginErrorAlert(LoginPage.java:69)
  com.learn.letskodeit.pages.LoginPage.getLoginErrorAlert(LoginPage.java:69)
  com.learn.letskodeit.pages.LoginPage.getLoginErrorAlert(LoginPage.java:69)
  com.learn.letskodeit.pages.LoginPage.getLoginErrorAlert(LoginPage.java:69)
  com.learn.letskodeit.pages.LoginPage.getLoginErrorAlert(LoginPage.java:69)
  com.learn.letskodeit.pages.LoginPage.getLoginErrorAlert(LoginPage.java:69)
  com.learn.letskodeit.pages.LoginPage.getLoginErrorAlert(LoginPage.java:69)
  com.learn.letskodeit.pages.LoginPage.getLoginErrorAlert(LoginPage.java:69)
]]>
      </failure>

          </testcase>
  
  
  
</testsuite>
